2020-01-30 23:23:53,409 - pyswarms.single.global_best - INFO - Optimize for 100 iters with {'c1': 0.5, 'c2': 0.3, 'w': 0.9}
2020-01-30 23:35:46,783 - pyswarms.single.global_best - INFO - Optimize for 100 iters with {'c1': 0.5, 'c2': 0.3, 'w': 0.9}
2020-01-30 23:37:21,453 - pyswarms.single.global_best - INFO - Optimize for 100 iters with {'c1': 0.5, 'c2': 0.3, 'w': 0.9}
2020-01-30 23:39:16,320 - pyswarms.single.global_best - INFO - Optimize for 100 iters with {'c1': 0.5, 'c2': 0.3, 'w': 0.9}
2020-01-30 23:41:18,626 - pyswarms.single.global_best - INFO - Optimize for 100 iters with {'c1': 0.5, 'c2': 0.3, 'w': 0.9}
2020-01-30 23:41:43,984 - pyswarms.single.global_best - INFO - Optimize for 100 iters with {'c1': 0.5, 'c2': 0.3, 'w': 0.9}
2020-01-31 12:17:39,897 - pyswarms.single.global_best - INFO - Optimize for 100 iters with {'c1': 0.5, 'c2': 0.3, 'w': 0.9}
2020-01-31 12:19:10,177 - pyswarms.single.global_best - INFO - Optimize for 100 iters with {'c1': 0.5, 'c2': 0.3, 'w': 0.9}
2020-01-31 12:23:12,228 - pyswarms.single.global_best - INFO - Optimize for 100 iters with {'c1': 0.5, 'c2': 0.3, 'w': 0.9}
2020-01-31 12:27:30,735 - pyswarms.single.global_best - INFO - Optimize for 100 iters with {'c1': 0.5, 'c2': 0.3, 'w': 0.9}
2020-01-31 12:28:21,113 - pyswarms.single.global_best - INFO - Optimize for 100 iters with {'c1': 0.5, 'c2': 0.3, 'w': 0.9}
2020-01-31 12:28:58,751 - pyswarms.single.global_best - INFO - Optimize for 100 iters with {'c1': 0.5, 'c2': 0.3, 'w': 0.9}
2020-01-31 12:32:29,841 - pyswarms.single.global_best - INFO - Optimize for 100 iters with {'c1': 0.5, 'c2': 0.3, 'w': 0.9}
2020-01-31 12:33:17,293 - pyswarms.single.global_best - INFO - Optimize for 100 iters with {'c1': 0.5, 'c2': 0.3, 'w': 0.9}
2020-01-31 12:34:39,171 - pyswarms.single.global_best - INFO - Optimize for 100 iters with {'c1': 0.5, 'c2': 0.3, 'w': 0.9}
2020-01-31 14:49:25,547 - pyswarms.single.global_best - INFO - Optimize for 100 iters with {'c1': 0.5, 'c2': 0.3, 'w': 0.9}
2020-01-31 14:50:02,444 - pyswarms.single.global_best - INFO - Optimize for 100 iters with {'c1': 0.5, 'c2': 0.3, 'w': 0.9}
2020-01-31 14:59:04,276 - pyswarms.single.global_best - INFO - Optimize for 100 iters with {'c1': 0.5, 'c2': 0.3, 'w': 0.9}
2020-01-31 15:01:00,962 - pyswarms.single.global_best - INFO - Optimize for 100 iters with {'c1': 0.5, 'c2': 0.3, 'w': 0.9}
2020-01-31 15:02:49,567 - pyswarms.single.global_best - INFO - Optimize for 100 iters with {'c1': 0.5, 'c2': 0.3, 'w': 0.9}
2020-01-31 15:10:19,179 - pyswarms.single.global_best - INFO - Optimize for 100 iters with {'c1': 0.5, 'c2': 0.3, 'w': 0.9}
2020-01-31 15:10:39,867 - pyswarms.single.global_best - INFO - Optimize for 100 iters with {'c1': 0.5, 'c2': 0.3, 'w': 0.9}
2020-01-31 15:16:38,781 - pyswarms.single.global_best - INFO - Optimize for 100 iters with {'c1': 0.5, 'c2': 0.3, 'w': 0.9}
2020-01-31 15:17:07,856 - pyswarms.single.global_best - INFO - Optimize for 100 iters with {'c1': 0.5, 'c2': 0.3, 'w': 0.9}
2020-01-31 15:17:41,418 - pyswarms.single.global_best - INFO - Optimize for 100 iters with {'c1': 0.5, 'c2': 0.3, 'w': 0.9}
2020-01-31 15:18:15,292 - pyswarms.single.global_best - INFO - Optimize for 100 iters with {'c1': 0.5, 'c2': 0.3, 'w': 0.9}
2020-01-31 15:20:01,861 - pyswarms.single.global_best - INFO - Optimize for 100 iters with {'c1': 0.5, 'c2': 0.3, 'w': 0.9}
2020-01-31 15:22:01,931 - pyswarms.single.global_best - INFO - Optimize for 100 iters with {'c1': 0.5, 'c2': 0.3, 'w': 0.9}
2020-01-31 15:23:42,270 - pyswarms.single.global_best - INFO - Optimize for 100 iters with {'c1': 0.5, 'c2': 0.3, 'w': 0.9}
2020-01-31 15:27:38,398 - pyswarms.single.global_best - INFO - Optimize for 100 iters with {'c1': 0.5, 'c2': 0.3, 'w': 0.9}
2020-01-31 15:28:41,639 - pyswarms.single.global_best - INFO - Optimize for 100 iters with {'c1': 0.5, 'c2': 0.3, 'w': 0.9}
2020-01-31 15:29:34,823 - pyswarms.single.global_best - INFO - Optimize for 100 iters with {'c1': 0.5, 'c2': 0.3, 'w': 0.9}
2020-01-31 15:46:16,734 - pyswarms.single.global_best - INFO - Optimize for 100 iters with {'c1': 0.5, 'c2': 0.3, 'w': 0.9}
2020-01-31 15:50:09,722 - pyswarms.single.global_best - INFO - Optimize for 100 iters with {'c1': 0.5, 'c2': 0.3, 'w': 0.9}
2020-01-31 15:52:10,075 - pyswarms.single.global_best - INFO - Optimize for 100 iters with {'c1': 0.5, 'c2': 0.3, 'w': 0.9}
2020-01-31 15:56:31,197 - pyswarms.single.global_best - INFO - Optimize for 100 iters with {'c1': 0.5, 'c2': 0.3, 'w': 0.9}
2020-01-31 15:57:52,490 - pyswarms.single.global_best - INFO - Optimize for 100 iters with {'c1': 0.5, 'c2': 0.3, 'w': 0.9}
2020-01-31 16:00:42,244 - pyswarms.single.global_best - INFO - Optimize for 100 iters with {'c1': 0.5, 'c2': 0.3, 'w': 0.9}
2020-01-31 16:26:47,842 - pyswarms.single.global_best - INFO - Optimize for 100 iters with {'c1': 0.5, 'c2': 0.3, 'w': 0.9}
2020-01-31 16:30:59,617 - pyswarms.single.global_best - INFO - Optimize for 100 iters with {'c1': 0.5, 'c2': 0.3, 'w': 0.9}
2020-01-31 16:32:05,846 - pyswarms.single.global_best - INFO - Optimize for 100 iters with {'c1': 0.5, 'c2': 0.3, 'w': 0.9}
2020-01-31 16:34:34,410 - pyswarms.single.global_best - INFO - Optimize for 5 iters with {'c1': 0.5, 'c2': 0.3, 'w': 0.9}
2020-01-31 16:36:07,631 - pyswarms.single.global_best - INFO - Optimize for 5 iters with {'c1': 0.5, 'c2': 0.3, 'w': 0.9}
2020-01-31 16:37:45,756 - pyswarms.single.global_best - INFO - Optimize for 5 iters with {'c1': 0.5, 'c2': 0.3, 'w': 0.9}
2020-01-31 16:38:28,389 - pyswarms.single.global_best - INFO - Optimize for 5 iters with {'c1': 0.5, 'c2': 0.3, 'w': 0.9}
2020-01-31 16:39:26,627 - pyswarms.single.global_best - INFO - Optimize for 5 iters with {'c1': 0.5, 'c2': 0.3, 'w': 0.9}
2020-01-31 16:40:46,230 - pyswarms.single.global_best - INFO - Optimize for 5 iters with {'c1': 0.5, 'c2': 0.3, 'w': 0.9}
2020-01-31 16:41:08,717 - pyswarms.single.global_best - INFO - Optimize for 5 iters with {'c1': 0.5, 'c2': 0.3, 'w': 0.9}
2020-01-31 16:42:17,172 - pyswarms.single.global_best - INFO - Optimize for 5 iters with {'c1': 0.5, 'c2': 0.3, 'w': 0.9}
2020-01-31 16:49:56,069 - pyswarms.single.global_best - INFO - Optimize for 5 iters with {'c1': 0.5, 'c2': 0.3, 'w': 0.9}
2020-01-31 16:57:10,705 - pyswarms.single.global_best - INFO - Optimize for 5 iters with {'c1': 0.5, 'c2': 0.3, 'w': 0.9}
2020-01-31 16:59:20,557 - pyswarms.single.global_best - INFO - Optimize for 5 iters with {'c1': 0.5, 'c2': 0.3, 'w': 0.9}
2020-01-31 17:00:44,114 - pyswarms.single.global_best - INFO - Optimize for 5 iters with {'c1': 0.5, 'c2': 0.3, 'w': 0.9}
2020-01-31 17:01:09,231 - pyswarms.single.global_best - INFO - Optimization finished | best cost: 1.0175438596491229, best pos: [1.2470955  3.62510839]
2020-01-31 17:01:52,839 - pyswarms.single.global_best - INFO - Optimize for 5 iters with {'c1': 0.5, 'c2': 0.3, 'w': 0.9}
2020-01-31 17:02:17,852 - pyswarms.single.global_best - INFO - Optimization finished | best cost: 1.25, best pos: [1.65327997 2.48088074]
2020-01-31 17:15:54,053 - pyswarms.single.global_best - INFO - Optimize for 5 iters with {'c1': 0.5, 'c2': 0.3, 'w': 0.9}
2020-01-31 17:16:36,355 - pyswarms.single.global_best - INFO - Optimize for 5 iters with {'c1': 0.5, 'c2': 0.3, 'w': 0.9}
2020-01-31 17:18:01,354 - pyswarms.single.global_best - INFO - Optimize for 5 iters with {'c1': 0.5, 'c2': 0.3, 'w': 0.9}
2020-01-31 17:19:04,931 - pyswarms.single.global_best - INFO - Optimize for 5 iters with {'c1': 0.5, 'c2': 0.3, 'w': 0.9}
2020-01-31 17:19:39,190 - pyswarms.single.global_best - INFO - Optimize for 5 iters with {'c1': 0.5, 'c2': 0.3, 'w': 0.9}
2020-01-31 17:23:16,985 - pyswarms.single.global_best - INFO - Optimize for 5 iters with {'c1': 0.5, 'c2': 0.3, 'w': 0.9}
2020-01-31 17:23:39,026 - pyswarms.single.global_best - INFO - Optimize for 5 iters with {'c1': 0.5, 'c2': 0.3, 'w': 0.9}
2020-01-31 17:27:39,844 - pyswarms.single.global_best - INFO - Optimize for 5 iters with {'c1': 0.5, 'c2': 0.3, 'w': 0.9}
2020-01-31 17:27:53,117 - pyswarms.single.global_best - INFO - Optimize for 5 iters with {'c1': 0.5, 'c2': 0.3, 'w': 0.9}
2020-01-31 17:28:49,986 - pyswarms.single.global_best - INFO - Optimize for 5 iters with {'c1': 0.5, 'c2': 0.3, 'w': 0.9}
2020-01-31 17:29:23,612 - pyswarms.single.global_best - INFO - Optimize for 5 iters with {'c1': 0.5, 'c2': 0.3, 'w': 0.9}
2020-01-31 17:32:48,349 - pyswarms.single.global_best - INFO - Optimize for 5 iters with {'c1': 0.5, 'c2': 0.3, 'w': 0.9}
2020-01-31 17:33:46,840 - pyswarms.single.global_best - INFO - Optimize for 5 iters with {'c1': 0.5, 'c2': 0.3, 'w': 0.9}
2020-01-31 17:35:54,613 - pyswarms.single.global_best - INFO - Optimize for 5 iters with {'c1': 0.5, 'c2': 0.3, 'w': 0.9}
2020-01-31 18:28:26,804 - pyswarms.single.global_best - INFO - Optimize for 5 iters with {'c1': 0.5, 'c2': 0.3, 'w': 0.9}
2020-01-31 18:28:41,641 - pyswarms.single.global_best - INFO - Optimize for 5 iters with {'c1': 0.5, 'c2': 0.3, 'w': 0.9}
2020-01-31 18:54:56,040 - pyswarms.single.global_best - INFO - Optimize for 5 iters with {'c1': 0.5, 'c2': 0.3, 'w': 0.9}
2020-01-31 18:59:29,369 - pyswarms.single.global_best - INFO - Optimize for 5 iters with {'c1': 0.5, 'c2': 0.3, 'w': 0.9}
2020-01-31 18:59:54,067 - pyswarms.single.global_best - INFO - Optimization finished | best cost: 1.5649122807017544, best pos: [15.48079197  1.20894276]
2020-01-31 19:00:37,055 - pyswarms.single.global_best - INFO - Optimize for 2 iters with {'c1': 0.5, 'c2': 0.3, 'w': 0.9}
2020-01-31 19:02:19,042 - pyswarms.single.global_best - INFO - Optimization finished | best cost: 0.894736842105263, best pos: [1.07385442 1.33320875]
2020-01-31 19:10:26,365 - pyswarms.single.global_best - INFO - Optimize for 2 iters with {'c1': 0.5, 'c2': 0.3, 'w': 0.9}
2020-01-31 19:12:06,465 - pyswarms.single.global_best - INFO - Optimization finished | best cost: 1.1228070175438596, best pos: [1.74811755 3.77334105]
2020-01-31 19:16:35,874 - pyswarms.single.global_best - INFO - Optimize for 2 iters with {'c1': 0.5, 'c2': 0.3, 'w': 0.9}
2020-01-31 19:18:14,403 - pyswarms.single.global_best - INFO - Optimization finished | best cost: 1.5328947368421053, best pos: [1.37047855 3.75514067]
2020-01-31 20:00:55,793 - pyswarms.single.global_best - INFO - Optimize for 2 iters with {'c1': 0.5, 'c2': 0.3, 'w': 0.9}
2020-01-31 20:01:07,751 - pyswarms.single.global_best - INFO - Optimize for 2 iters with {'c1': 0.5, 'c2': 0.3, 'w': 0.9}
2020-02-03 16:10:46,990 - pyswarms.single.global_best - INFO - Optimize for 2 iters with {'c1': 0.5, 'c2': 0.3, 'w': 0.9}
2020-02-03 16:12:25,992 - pyswarms.single.global_best - INFO - Optimization finished | best cost: 1.5589473684210526, best pos: [49.75712268  1.464717  ]
2020-02-04 17:41:02,706 - pyswarms.single.global_best - INFO - Optimize for 5 iters with {'c1': 0.5, 'c2': 0.3, 'w': 0.9}
2020-02-04 17:42:10,029 - pyswarms.single.global_best - INFO - Optimize for 5 iters with {'c1': 0.5, 'c2': 0.3, 'w': 0.9}
2020-02-04 18:39:35,456 - pyswarms.single.global_best - INFO - Optimize for 5 iters with {'c1': 0.5, 'c2': 0.3, 'w': 0.9}
2020-02-04 18:40:46,553 - pyswarms.single.global_best - INFO - Optimize for 5 iters with {'c1': 0.5, 'c2': 0.3, 'w': 0.9}
2020-02-04 21:51:36,775 - pyswarms.single.global_best - INFO - Optimize for 5 iters with {'c1': 0.5, 'c2': 0.3, 'w': 0.9}
2020-02-04 22:01:44,717 - pyswarms.single.global_best - INFO - Optimize for 5 iters with {'c1': 0.5, 'c2': 0.3, 'w': 0.9}
2020-02-04 22:03:35,027 - pyswarms.single.global_best - INFO - Optimize for 5 iters with {'c1': 0.5, 'c2': 0.3, 'w': 0.9}
2020-02-04 22:08:04,726 - pyswarms.single.global_best - INFO - Optimize for 5 iters with {'c1': 0.5, 'c2': 0.3, 'w': 0.9}
2020-02-04 22:12:12,040 - pyswarms.single.global_best - INFO - Optimize for 5 iters with {'c1': 0.5, 'c2': 0.3, 'w': 0.9}
2020-02-04 22:16:58,985 - pyswarms.single.global_best - INFO - Optimize for 5 iters with {'c1': 0.5, 'c2': 0.3, 'w': 0.9}
2020-02-04 22:21:52,402 - pyswarms.single.global_best - INFO - Optimize for 5 iters with {'c1': 0.5, 'c2': 0.3, 'w': 0.9}
2020-02-04 22:45:04,484 - pyswarms.single.global_best - INFO - Optimize for 5 iters with {'c1': 0.5, 'c2': 0.3, 'w': 0.9}
2020-02-04 22:46:23,311 - pyswarms.single.global_best - INFO - Optimize for 5 iters with {'c1': 0.5, 'c2': 0.3, 'w': 0.9}
2020-02-04 22:47:34,715 - pyswarms.single.global_best - INFO - Optimize for 5 iters with {'c1': 0.5, 'c2': 0.3, 'w': 0.9}
2020-02-04 23:03:45,043 - pyswarms.single.global_best - INFO - Optimize for 5 iters with {'c1': 0.5, 'c2': 0.3, 'w': 0.9}
2020-02-04 23:06:04,429 - pyswarms.single.global_best - INFO - Optimize for 5 iters with {'c1': 0.5, 'c2': 0.3, 'w': 0.9}
2020-02-04 23:11:42,076 - pyswarms.single.global_best - INFO - Optimize for 5 iters with {'c1': 0.5, 'c2': 0.3, 'w': 0.9}
2020-02-04 23:12:07,367 - pyswarms.single.global_best - INFO - Optimize for 5 iters with {'c1': 0.5, 'c2': 0.3, 'w': 0.9}
2020-02-04 23:20:20,176 - pyswarms.single.global_best - INFO - Optimize for 5 iters with {'c1': 0.5, 'c2': 0.3, 'w': 0.9}
2020-02-04 23:21:24,418 - pyswarms.single.global_best - INFO - Optimize for 5 iters with {'c1': 0.5, 'c2': 0.3, 'w': 0.9}
2020-02-04 23:31:44,858 - pyswarms.single.global_best - INFO - Optimize for 5 iters with {'c1': 0.5, 'c2': 0.3, 'w': 0.9}
2020-02-04 23:32:07,921 - pyswarms.single.global_best - INFO - Optimize for 5 iters with {'c1': 0.5, 'c2': 0.3, 'w': 0.9}
2020-02-04 23:34:39,552 - pyswarms.single.global_best - INFO - Optimize for 5 iters with {'c1': 0.5, 'c2': 0.3, 'w': 0.9}
2020-02-04 23:48:13,496 - pyswarms.single.global_best - INFO - Optimize for 5 iters with {'c1': 0.5, 'c2': 0.3, 'w': 0.9}
2020-02-04 23:49:37,526 - pyswarms.single.global_best - INFO - Optimize for 5 iters with {'c1': 0.5, 'c2': 0.3, 'w': 0.9}
2020-02-04 23:49:49,474 - pyswarms.single.global_best - INFO - Optimize for 5 iters with {'c1': 0.5, 'c2': 0.3, 'w': 0.9}
2020-02-05 00:10:18,539 - pyswarms.single.global_best - INFO - Optimize for 5 iters with {'c1': 0.5, 'c2': 0.3, 'w': 0.9}
2020-02-05 00:11:24,109 - pyswarms.single.global_best - INFO - Optimize for 5 iters with {'c1': 0.5, 'c2': 0.3, 'w': 0.9}
2020-02-05 00:12:07,547 - pyswarms.single.global_best - INFO - Optimize for 5 iters with {'c1': 0.5, 'c2': 0.3, 'w': 0.9}
2020-02-05 00:14:41,929 - pyswarms.single.global_best - INFO - Optimize for 5 iters with {'c1': 0.5, 'c2': 0.3, 'w': 0.9}
2020-02-05 00:20:23,136 - pyswarms.single.global_best - INFO - Optimize for 5 iters with {'c1': 0.5, 'c2': 0.3, 'w': 0.9}
2020-02-05 00:21:54,349 - pyswarms.single.global_best - INFO - Optimization finished | best cost: -0.7, best pos: [0.34586898 0.45100264 0.60897491 0.83843455 0.17940089 0.72719839
 0.00232746 0.53144418 0.2730006  0.3198642 ]
2020-02-05 00:25:01,836 - pyswarms.single.global_best - INFO - Optimize for 1 iters with {'c1': 0.5, 'c2': 0.3, 'w': 0.9}
2020-02-05 00:25:03,265 - pyswarms.single.global_best - INFO - Optimization finished | best cost: -0.30000000000000004, best pos: [0.91703439 0.45746087 0.93626178 0.15250864 0.81808257 0.93835603
 0.67740449 0.50939158 0.93037477 0.0227941 ]
2020-02-05 00:27:09,222 - pyswarms.single.global_best - INFO - Optimize for 1 iters with {'c1': 0.5, 'c2': 0.3, 'w': 0.9}
2020-02-05 00:27:10,653 - pyswarms.single.global_best - INFO - Optimization finished | best cost: 0.7, best pos: [0.0150432  0.63174211 0.03426766 0.21395724 0.28488897 0.78021191
 0.55794568 0.54467287 0.08376906 0.62729711]
2020-02-05 00:27:26,268 - pyswarms.single.global_best - INFO - Optimize for 1 iters with {'c1': 0.5, 'c2': 0.3, 'w': 0.9}
2020-02-05 00:28:38,628 - pyswarms.single.global_best - INFO - Optimize for 1 iters with {'c1': 0.5, 'c2': 0.3, 'w': 0.9}
2020-02-05 00:31:48,177 - pyswarms.single.global_best - INFO - Optimize for 1 iters with {'c1': 0.5, 'c2': 0.3, 'w': 0.9}
2020-02-05 00:31:49,656 - pyswarms.single.global_best - INFO - Optimization finished | best cost: 0.7666666666666666, best pos: [0.33025433 0.51490333 0.60073578 0.62720637 0.3024011  0.56458864
 0.91515228 0.74878903 0.64247088 0.6217187 ]
2020-02-05 00:32:05,959 - pyswarms.single.global_best - INFO - Optimize for 1 iters with {'c1': 0.5, 'c2': 0.3, 'w': 0.9}
2020-02-05 00:32:07,482 - pyswarms.single.global_best - INFO - Optimization finished | best cost: 0.5333333333333333, best pos: [0.51735163 0.90436573 0.49393769 0.70892298 0.19164081 0.90883734
 0.08020174 0.20492798 0.83520501 0.69216876]
2020-02-05 00:32:19,682 - pyswarms.single.global_best - INFO - Optimize for 1 iters with {'c1': 0.5, 'c2': 0.3, 'w': 0.9}
2020-02-05 00:32:24,668 - pyswarms.single.global_best - INFO - Optimization finished | best cost: 0.30000000000000004, best pos: [0.56588868 0.81459284 0.38228882 0.61998192 0.80325518 0.84346538
 0.44349171 0.04213673 0.00770258 0.61299837]
2020-02-05 12:06:54,684 - pyswarms.single.global_best - INFO - Optimize for 1 iters with {'c1': 0.5, 'c2': 0.3, 'w': 0.9}
2020-02-05 12:19:43,242 - pyswarms.single.global_best - INFO - Optimize for 1 iters with {'c1': 0.5, 'c2': 0.3, 'w': 0.9}
2020-02-05 15:13:22,034 - pyswarms.single.global_best - INFO - Optimize for 1 iters with {'c1': 0.5, 'c2': 0.3, 'w': 0.9}
2020-02-05 15:34:46,360 - pyswarms.single.global_best - INFO - Optimize for 1 iters with {'c1': 0.5, 'c2': 0.3, 'w': 0.9}
2020-02-05 15:39:07,268 - pyswarms.single.global_best - INFO - Optimize for 1 iters with {'c1': 0.5, 'c2': 0.3, 'w': 0.9}
2020-02-05 15:55:45,889 - pyswarms.single.global_best - INFO - Optimize for 1 iters with {'c1': 0.5, 'c2': 0.3, 'w': 0.9}
2020-02-05 15:55:47,534 - pyswarms.single.global_best - INFO - Optimization finished | best cost: 0.6666666666666667, best pos: [0.46114706 0.17024497 0.4467724  0.61085911 0.46961233 0.40534691
 0.40613363 0.83079096 0.56517343 0.51085941]
2020-02-05 18:50:34,035 - pyswarms.single.global_best - INFO - Optimize for 1 iters with {'c1': 0.5, 'c2': 0.3, 'w': 0.9}
2020-02-05 18:50:35,500 - pyswarms.single.global_best - INFO - Optimization finished | best cost: 0.5666666666666667, best pos: [0.43213305 0.41307569 0.206601   0.5863721  0.46235334 0.03898128
 0.15460009 0.52302446 0.15696271 0.9753669 ]
2020-02-05 23:24:06,953 - pyswarms.single.global_best - INFO - Optimize for 1 iters with {'c1': 0.5, 'c2': 0.3, 'w': 0.9}
2020-02-05 23:25:26,563 - pyswarms.single.global_best - INFO - Optimize for 1 iters with {'c1': 0.5, 'c2': 0.3, 'w': 0.9}
2020-02-05 23:26:39,960 - pyswarms.single.global_best - INFO - Optimize for 1 iters with {'c1': 0.5, 'c2': 0.3, 'w': 0.9}
2020-02-05 23:27:33,897 - pyswarms.single.global_best - INFO - Optimize for 1 iters with {'c1': 0.5, 'c2': 0.3, 'w': 0.9}
2020-02-05 23:37:25,290 - pyswarms.single.global_best - INFO - Optimize for 1 iters with {'c1': 0.5, 'c2': 0.3, 'w': 0.9}
2020-02-05 23:42:15,367 - pyswarms.single.global_best - INFO - Optimize for 1 iters with {'c1': 0.5, 'c2': 0.3, 'w': 0.9}
2020-02-05 23:42:34,046 - pyswarms.single.global_best - INFO - Optimize for 1 iters with {'c1': 0.5, 'c2': 0.3, 'w': 0.9}
2020-02-05 23:44:33,397 - pyswarms.single.global_best - INFO - Optimize for 1 iters with {'c1': 0.5, 'c2': 0.3, 'w': 0.9}
2020-02-05 23:45:45,295 - pyswarms.single.global_best - INFO - Optimize for 1 iters with {'c1': 0.5, 'c2': 0.3, 'w': 0.9}
2020-02-05 23:46:36,583 - pyswarms.single.global_best - INFO - Optimize for 1 iters with {'c1': 0.5, 'c2': 0.3, 'w': 0.9}
2020-02-05 23:48:20,628 - pyswarms.single.global_best - INFO - Optimize for 1 iters with {'c1': 0.5, 'c2': 0.3, 'w': 0.9}
2020-02-05 23:50:05,339 - pyswarms.single.global_best - INFO - Optimize for 1 iters with {'c1': 0.5, 'c2': 0.3, 'w': 0.9}
2020-02-05 23:52:08,182 - pyswarms.single.global_best - INFO - Optimize for 1 iters with {'c1': 0.5, 'c2': 0.3, 'w': 0.9}
2020-02-05 23:58:13,994 - pyswarms.single.global_best - INFO - Optimize for 1 iters with {'c1': 0.5, 'c2': 0.3, 'w': 0.9}
2020-02-06 00:00:55,986 - pyswarms.single.global_best - INFO - Optimize for 1 iters with {'c1': 0.5, 'c2': 0.3, 'w': 0.9}
2020-02-06 00:04:00,730 - pyswarms.single.global_best - INFO - Optimize for 1 iters with {'c1': 0.5, 'c2': 0.3, 'w': 0.9}
2020-02-06 00:09:55,150 - pyswarms.single.global_best - INFO - Optimize for 1 iters with {'c1': 0.5, 'c2': 0.3, 'w': 0.9}
2020-02-06 00:11:22,739 - pyswarms.single.global_best - INFO - Optimize for 1 iters with {'c1': 0.5, 'c2': 0.3, 'w': 0.9}
2020-02-06 00:12:38,882 - pyswarms.single.global_best - INFO - Optimize for 1 iters with {'c1': 0.5, 'c2': 0.3, 'w': 0.9}
2020-02-06 00:18:17,142 - pyswarms.single.global_best - INFO - Optimize for 1 iters with {'c1': 0.5, 'c2': 0.3, 'w': 0.9}
2020-02-06 00:20:52,533 - pyswarms.single.global_best - INFO - Optimize for 1 iters with {'c1': 0.5, 'c2': 0.3, 'w': 0.9}
2020-02-06 00:28:25,464 - pyswarms.single.global_best - INFO - Optimize for 1 iters with {'c1': 0.5, 'c2': 0.3, 'w': 0.9}
2020-02-06 00:28:27,015 - pyswarms.single.global_best - INFO - Optimization finished | best cost: 0.7333333333333334, best pos: [0.95596414 0.35093575 0.59454313 0.4831585  0.32495206 0.70870512
 0.90691743 0.47539372 0.1830906  0.75886292 0.94730241 0.51624217
 0.4302943  0.05286184 0.76143372 0.70292314 0.17185517 0.69155598
 0.35352318 0.9601575  0.49660014 0.43893696 0.78170288 0.36612514
 0.64223    0.08630106 0.15908509 0.29470785 0.73664775 0.98470835
 0.41322917 0.37786848 0.07767296 0.40120969 0.85515601 0.62708485
 0.97204087 0.37202185 0.86317607 0.25309436 0.97900428 0.05529544
 0.40783774 0.07156264 0.18093258 0.93091022 0.74725711 0.81256433
 0.39742433 0.17779887 0.5141059  0.295615   0.40305117 0.70020289
 0.10903832 0.7343109  0.33561424 0.08387794 0.20136448 0.86223218
 0.7805838  0.39669106 0.09155799 0.17768974 0.00332965 0.8467728
 0.20757962 0.06321037 0.10082607 0.38693223 0.82962952 0.80006733
 0.57319764 0.71583206 0.1804446  0.23267337 0.71214001 0.41207299
 0.30002207 0.22839299 0.37124961 0.59960909 0.64462515 0.25122512
 0.64064705 0.91067277 0.12238042 0.39244538 0.29710159 0.68098927
 0.11777627 0.31494598 0.14164807 0.87673992 0.09511368 0.0957581
 0.26831263 0.349944   0.19409826 0.78362929 0.50518805 0.30895769
 0.46564469 0.64113185 0.31094696 0.47486733 0.18530051 0.61901413
 0.90561356 0.9595719  0.34666342 0.02156752 0.86515137 0.20092307
 0.9514922  0.15490324 0.23915407 0.10306331 0.11121411 0.69099719
 0.87221558 0.40077685 0.73987992 0.42565873 0.80662625 0.65849244
 0.45647266 0.9574049  0.6628007  0.3946573  0.49428692 0.53846847
 0.35218365 0.99347116 0.08162784 0.80178223 0.26551956 0.18302514
 0.27640206 0.09062686 0.0393145  0.78660715 0.76814858 0.48280255
 0.22100367 0.02045563 0.90675157 0.35375409 0.04483154 0.64539606
 0.15436455 0.02066925 0.65919338 0.35007789 0.14545672 0.57236528
 0.51128659 0.46667369 0.35313107 0.76551206 0.09351307 0.98369042
 0.28534235 0.56346348 0.63659247 0.90691844 0.37976209 0.17888127
 0.71227894 0.70547041 0.99522745 0.62631939 0.66155222 0.36984565
 0.62197762 0.21512678 0.0991657  0.25505215 0.54000108 0.1092054
 0.35106365 0.36657781 0.0014663  0.0604468  0.00763114 0.11796517
 0.21682066 0.3690627  0.80634711 0.01732133 0.76111483 0.13476061
 0.96290477 0.48987558 0.17699979 0.06281823 0.45222159 0.6603119
 0.27382901 0.47553562 0.92157883 0.17973108 0.04536046 0.60515007
 0.02965724 0.42753454 0.61181699 0.54246348 0.57414232 0.54698548
 0.43986321 0.35911178 0.3556299  0.80449346 0.66233451 0.22890772
 0.47783129 0.13651661 0.57358234 0.17130459 0.71729466 0.19000692
 0.10600594 0.63092815 0.52985215 0.95684843 0.96366429 0.01689313
 0.41518334 0.35102978 0.2125104  0.7321864  0.7579912  0.87483625
 0.69789627 0.86987183 0.90076884 0.28628647 0.01300743 0.30660452
 0.69721265 0.78882059 0.36433846 0.20502856 0.75483477 0.47190809
 0.84571045 0.21934152 0.61474601 0.87466865 0.09370821 0.20246774
 0.47445454 0.36767065 0.75169166 0.642084   0.94087765 0.22987911
 0.52150446 0.12071586 0.32848386 0.71284114 0.83899066 0.21420524
 0.18811507 0.10014141 0.28384414 0.26360808 0.77764183 0.35857036
 0.64189681 0.87188642 0.27347283 0.75393472 0.87976425 0.4952125
 0.72537482 0.82259157 0.98699719 0.63548116 0.03280427 0.40479377
 0.51138974 0.14757229 0.15828193 0.00430736 0.27835773 0.28778807
 0.33191906 0.2734453  0.40005397 0.19011716 0.11167296 0.04618581
 0.0131071  0.18935671 0.38922617 0.94826848 0.18075283 0.21510078
 0.16555028 0.12120142 0.45996862 0.009487   0.59077564 0.98511764
 0.38405071 0.80911125 0.72088022 0.79522219 0.1642287  0.35864983
 0.96859611 0.96216116 0.35554717 0.1020223  0.60211874 0.87626102
 0.31678606 0.41113557 0.90905041 0.47060331 0.30077141 0.39258084
 0.70438546 0.90226148 0.54386561 0.65840417 0.97705052 0.38874519
 0.26921168 0.63629735 0.20893251 0.03803642 0.24274169 0.61824111
 0.22908503 0.36857873 0.36592298 0.91016848 0.90674425 0.26609611
 0.94750889 0.85101275 0.49510151 0.95816223 0.00464723 0.32400119
 0.5329491  0.26283516 0.70093884 0.27712882 0.67676669 0.40772632
 0.30650971 0.03515128 0.23960855 0.28143085 0.20573531 0.1812436
 0.1552646  0.67864055 0.98536847 0.01354466 0.8413179  0.44777388
 0.22000062 0.26816548 0.36405501 0.35775235 0.58047157 0.37015099
 0.40438587 0.63510213 0.63914262 0.91419252 0.31999146 0.31805358
 0.31537072 0.96775718 0.6712002  0.41187189 0.91696767 0.82798137
 0.066744   0.94297637 0.22479611 0.71637539 0.88513365 0.77359367
 0.0966296  0.34184628 0.57208973 0.29888197 0.56593491 0.5375913
 0.60141417 0.06179857 0.63193831 0.21995619 0.95723524 0.0392479
 0.03314845 0.83534481 0.27879343 0.22083706 0.49470109 0.22496222
 0.98355356 0.75225898 0.48852569 0.82330062 0.07156815 0.48052803
 0.29053655 0.36872826 0.83919572 0.61828022 0.24917097 0.54182961
 0.26211521 0.51748418 0.23061701 0.8194226  0.64608227 0.27447508
 0.3325622  0.60372229 0.74647776 0.80985351 0.61500088 0.14441341
 0.81840863 0.27625588 0.75980647 0.29641613 0.40803014 0.83507373
 0.56371341 0.85005101 0.07905671 0.33196075 0.07507972 0.72820225
 0.61007949 0.4601125  0.96387688 0.904113   0.24813105 0.75001679
 0.30076945 0.23471591 0.40659073 0.05834    0.69837968 0.539294
 0.80704928 0.3853386  0.71772743 0.00884303 0.84830152 0.79558887
 0.11852555 0.6544018  0.97226401 0.59425039 0.37862719 0.10947524
 0.64825153 0.88836549 0.81602214 0.10336425 0.0321095  0.16469462
 0.45725342 0.08821868 0.61362217 0.10750403 0.26386883 0.47324638
 0.94193338 0.86980904 0.50873936 0.56798765 0.06320684 0.03938991
 0.92767677 0.32773601 0.2258836  0.30137604 0.79124699 0.26217503
 0.63893756 0.13460776 0.71454955 0.88905958 0.53581551 0.34257372
 0.54927342 0.60402962 0.00918124 0.88801899 0.31170617 0.72206873
 0.08030594 0.29272862 0.22212379 0.38230735 0.66904741 0.89134643
 0.06019024 0.78806333 0.88181351 0.07070115 0.94429028 0.98406982
 0.32701239 0.70894717 0.79227288 0.04077291 0.15752861 0.02346795
 0.12389192 0.65410749 0.38164912 0.64759898 0.67621593 0.17553214
 0.08854479 0.08587707 0.04714997 0.82325403 0.3039907  0.64351629
 0.69891277 0.31063143 0.70333982 0.75701092 0.77487545 0.56619865
 0.2541692  0.27052286 0.80239032 0.96558599 0.50879525 0.33188358
 0.06766605 0.4746281  0.54474222 0.1757848  0.54720193 0.54601
 0.49392766 0.9832916  0.29284831 0.74169754 0.03970402 0.17885122
 0.4613062  0.11061643]
2020-02-06 00:34:35,144 - pyswarms.single.global_best - INFO - Optimize for 1 iters with {'c1': 0.5, 'c2': 0.3, 'w': 0.9}
2020-02-06 00:37:58,969 - pyswarms.single.global_best - INFO - Optimize for 1 iters with {'c1': 0.5, 'c2': 0.3, 'w': 0.9}
2020-02-06 00:40:03,530 - pyswarms.single.global_best - INFO - Optimize for 1 iters with {'c1': 0.5, 'c2': 0.3, 'w': 0.9}
2020-02-06 00:44:34,752 - pyswarms.single.global_best - INFO - Optimize for 1 iters with {'c1': 0.5, 'c2': 0.3, 'w': 0.9}
2020-02-06 00:46:11,072 - pyswarms.single.global_best - INFO - Optimize for 1 iters with {'c1': 0.5, 'c2': 0.3, 'w': 0.9}
2020-02-06 00:50:31,285 - pyswarms.single.global_best - INFO - Optimize for 1 iters with {'c1': 0.5, 'c2': 0.3, 'w': 0.9}
2020-02-06 00:55:26,664 - pyswarms.single.global_best - INFO - Optimize for 1 iters with {'c1': 0.5, 'c2': 0.3, 'w': 0.9}
2020-02-06 00:56:52,837 - pyswarms.single.global_best - INFO - Optimize for 1 iters with {'c1': 0.5, 'c2': 0.3, 'w': 0.9}
2020-02-06 00:57:50,538 - pyswarms.single.global_best - INFO - Optimize for 1 iters with {'c1': 0.5, 'c2': 0.3, 'w': 0.9}
2020-02-06 00:59:52,190 - pyswarms.single.global_best - INFO - Optimize for 1 iters with {'c1': 0.5, 'c2': 0.3, 'w': 0.9}
2020-02-06 01:00:22,210 - pyswarms.single.global_best - INFO - Optimize for 1 iters with {'c1': 0.5, 'c2': 0.3, 'w': 0.9}
2020-02-06 01:00:23,348 - pyswarms.single.global_best - INFO - Optimization finished | best cost: 0.7, best pos: [0.11468285 0.57336031 0.53900724 0.26720361 0.19187734 0.36509122
 0.41342371 0.13082616 0.65824    0.48401096 0.54326336 0.862154
 0.20512882 0.30728901 0.68079069 0.89683893 0.94704475 0.94780407
 0.51284366 0.91473155 0.01145551 0.7728516  0.98585325 0.7441036
 0.32207489 0.28203968 0.3645311  0.6781029  0.11985411 0.32913163
 0.5206989  0.28830444 0.15283121 0.44898052 0.04826406 0.12414353
 0.98764577 0.76277355 0.21806625 0.7301665  0.72754106 0.2287467
 0.9765012  0.21776309 0.25301513 0.42993052 0.89446551 0.2035782
 0.10781395 0.93309279 0.73029374 0.31405211 0.37960022 0.19718079
 0.72616266 0.46151123 0.0881404  0.29626647 0.35504616 0.201887
 0.53387805 0.53566435 0.98166279 0.76907602 0.51332392 0.43728842
 0.12424853 0.61686978 0.41854582 0.37995288 0.54619653 0.52652487
 0.75695799 0.78114942 0.46217515 0.48803288 0.49655913 0.19424174
 0.1740192  0.16614157 0.86525376 0.03424337 0.44952036 0.01443833
 0.178639   0.24190899 0.8534471  0.41230812 0.09689732 0.54969007
 0.81627913 0.71872797 0.53868159 0.4403678  0.95145516 0.96215664
 0.94757974 0.36032253 0.62877524 0.9335841  0.917099   0.5828033
 0.4976921  0.22233893 0.78750242 0.671344   0.9334603  0.33424404
 0.77946908 0.93964534 0.05285165 0.98761969 0.32820942 0.48750156
 0.64950131 0.04484861 0.07372016 0.23571156 0.61474194 0.34017987
 0.26310349 0.63804467 0.74349243 0.94215369 0.91188032 0.45403129
 0.95200998 0.46123442 0.73335479 0.80358511 0.58378487 0.57378393
 0.92527701 0.60934073 0.22717813 0.96220033 0.59611486 0.03970567
 0.45535873 0.50931397 0.91710556 0.88093622 0.05905467 0.47660403
 0.88699195 0.1031989  0.75793707 0.52928407 0.72160746 0.33677444
 0.83405336 0.8330758  0.50836611 0.51034688 0.01659661 0.84006257
 0.82675729 0.16976284 0.00417774 0.61234267 0.23616545 0.67552583
 0.95606281 0.40322299 0.47177104 0.03839828 0.53139896 0.33319427
 0.91638496 0.00513517 0.0052059  0.09658168 0.49660933 0.26143298
 0.21329349 0.07615614 0.7778305  0.32876104 0.73508892 0.63407408
 0.5029592  0.45750897 0.90532907 0.85066454 0.5920224  0.89527515
 0.62367418 0.06656171 0.83608237 0.46228938 0.35653385 0.35844155
 0.31321369 0.09519187 0.13826584 0.22807596 0.80495742 0.71566907
 0.64439058 0.86862372 0.20510723 0.97683326 0.68005756 0.0644688
 0.19140849 0.92842724 0.10766554 0.67504985 0.07544986 0.56698436
 0.02278166 0.85921328 0.01629371 0.23648297 0.33838936 0.68058661
 0.79283023 0.67164252 0.58514442 0.96287935 0.09583804 0.16989756
 0.7238373  0.50402493 0.28421957 0.36036048 0.57265514 0.14770041
 0.59396411 0.51843087 0.31527392 0.6053509  0.39092867 0.52463508
 0.03997642 0.25877054 0.4529034  0.71883354 0.62606731 0.72646825
 0.31465448 0.30341932 0.22033732 0.75992829 0.22999122 0.97662669
 0.1892288  0.02378546 0.78599544 0.41049677 0.99660254 0.49846965
 0.11492969 0.21570703 0.39706845 0.77644786 0.31712304 0.50529825
 0.92981703 0.68515013 0.91349767 0.81878127 0.49705432 0.191753
 0.77074603 0.19546341 0.91662587 0.06605747 0.19589197 0.6085517
 0.99155835 0.12945788 0.69183461 0.49986991 0.1590408  0.26131863
 0.39178934 0.48036389 0.88556702 0.37784281 0.31439712 0.91922428
 0.36876712 0.84709066 0.48791538 0.79785781 0.8153206  0.88054072
 0.53587609 0.60945359 0.54588166 0.44647125 0.56828569 0.21594656
 0.49622244 0.45318604 0.92021124 0.98887821 0.95251671 0.78018869
 0.89380348 0.22313515 0.51796448 0.96815678 0.49872942 0.60598254
 0.78274887 0.15378085 0.24815745 0.68067951 0.5379083  0.56859528
 0.33830355 0.52288559 0.89747979 0.73303966 0.98748899 0.77751481
 0.83099292 0.02923658 0.87766881 0.61319376 0.6118451  0.22396896
 0.87818362 0.24898135 0.60724269 0.60847112 0.89995721 0.1842943
 0.29746422 0.84298569 0.09073671 0.27109996 0.02879649 0.38798226
 0.84840608 0.43641309 0.06356811 0.64738222 0.77510446 0.60368421
 0.763334   0.8183776  0.74684612 0.21851733 0.48931443 0.68025656
 0.50751371 0.57359442 0.62595169 0.77654943 0.25610023 0.74353813
 0.38598629 0.61385054 0.85999777 0.29519811 0.65034388 0.53190906
 0.12419588 0.77079386 0.35394161 0.71348458 0.90469405 0.04938327
 0.49737075 0.2708686  0.54553418 0.54958558 0.9241204  0.37335049
 0.18108917 0.14399294 0.11261254 0.07464822 0.49201909 0.21917842
 0.34257571 0.7854828  0.67705989 0.84101476 0.59011394 0.22268699
 0.7896984  0.0063387  0.54562869 0.95758973 0.93473242 0.6806386
 0.04547945 0.035469   0.10479582 0.71855941 0.29194641 0.76000847
 0.89413843 0.29843708 0.62512373 0.69603175 0.46498745 0.95604964
 0.32126542 0.25006285 0.52185988 0.98877061 0.77771765 0.74365749
 0.0090202  0.4553084  0.26979232 0.80076697 0.56093231 0.32152401
 0.5731333  0.70259611 0.98075316 0.11133656 0.05564357 0.13910348
 0.10790003 0.36379866 0.55309764 0.64053352 0.20698028 0.74815699
 0.8745322  0.355202   0.84030294 0.87080214 0.20201662 0.38313727
 0.2818838  0.78979179 0.6926731  0.81213068 0.16823137 0.93112651
 0.41835909 0.49576533 0.74330329 0.63243947 0.43479528 0.48536081
 0.44538322 0.89812525 0.24965061 0.89111277 0.52135735 0.71460546
 0.83335657 0.07926745 0.40522927 0.79456374 0.50255066 0.48856802
 0.3214071  0.23776952 0.81799891 0.32145388 0.43831819 0.57872828
 0.73489913 0.90485424 0.65687611 0.42243425 0.33448043 0.82027483
 0.63141539 0.74587995 0.29952668 0.17288138 0.83151331 0.55062344
 0.91094483 0.48966312 0.46915954 0.28742027 0.62023195 0.2263223
 0.01990893 0.65411942 0.24457452 0.46952972 0.34729522 0.6817675
 0.78954784 0.888408   0.25431989 0.49340907 0.73492795 0.82534949
 0.65467708 0.33575619 0.95892173 0.01521217 0.53513092 0.62023051
 0.9962976  0.9492155  0.25543194 0.70563148 0.77294863 0.61771933
 0.10997607 0.90447011 0.91615193 0.52581963 0.69981479 0.72919092
 0.08072655 0.64375746 0.36013781 0.40966866 0.39736375 0.20820375
 0.15924437 0.78810317 0.43687939 0.14809023 0.90123723 0.7617259
 0.11987287 0.66756251 0.03464871 0.86478417 0.40175447 0.83887739
 0.5368741  0.52156015 0.13476672 0.1383722  0.89964411 0.00970595
 0.19272845 0.63590054 0.92262235 0.04115683 0.37427472 0.46216966
 0.76521904 0.73247396 0.86246317 0.0864463  0.09494474 0.93258387
 0.79580001 0.15042743 0.09552405 0.32062003 0.02076266 0.67257643
 0.53112299 0.27806924 0.07414578 0.35399521 0.11204623 0.74595825
 0.60906396 0.6112715 ]
2020-02-06 01:06:06,087 - pyswarms.single.global_best - INFO - Optimize for 1 iters with {'c1': 0.5, 'c2': 0.3, 'w': 0.9}
2020-02-06 01:06:07,578 - pyswarms.single.global_best - INFO - Optimization finished | best cost: 0.7666666666666666, best pos: [0.38837935 0.30655659 0.11170838 0.26181577 0.67221924 0.93370792
 0.07361917 0.85636067 0.94773324 0.04532822 0.244169   0.33838012
 0.55412427 0.44659591 0.53667134 0.29916676 0.29116277 0.06788818
 0.84300956 0.69063861 0.23768038 0.31607979 0.57484085 0.96784802
 0.79517059 0.9562309  0.61084647 0.24552953 0.16277471 0.66607376
 0.37284816 0.35909417 0.16559709 0.34492066 0.79602606 0.64711415
 0.84708013 0.92204931 0.67612367 0.87804286 0.5110278  0.6156673
 0.69981378 0.35509343 0.92876248 0.19095699 0.02160041 0.68093605
 0.82610265 0.07299175 0.33849475 0.0326202  0.20696316 0.30837081
 0.22124014 0.79202511 0.78215244 0.46909165 0.96939682 0.90216266
 0.35124712 0.79732118 0.6366414  0.23684786 0.04209577 0.19544372
 0.00741135 0.27417078 0.70495569 0.53173817 0.77177857 0.92971114
 0.11088983 0.58165133 0.46966596 0.9247632  0.37339918 0.56674827
 0.70860624 0.809351   0.6010033  0.05106432 0.5042032  0.17162595
 0.50008306 0.01212421 0.91296179 0.70520264 0.46458298 0.62030071
 0.62111159 0.31841402 0.60014531 0.61311809 0.12373895 0.68637777
 0.15499479 0.52036482 0.55766985 0.35234555 0.88857335 0.96840905
 0.48354595 0.76515701 0.62283603 0.2410978  0.32047444 0.71213753
 0.3770283  0.13329206 0.81059696 0.03436789 0.82950484 0.94230476
 0.63038777 0.62179416 0.57401184 0.03983282 0.23797209 0.16029268
 0.97610719 0.29478865 0.02000377 0.20134357 0.14620668 0.77998899
 0.18672635 0.43101583 0.57482526 0.51791463 0.50949348 0.36375802
 0.2313444  0.46163035 0.42207441 0.27678747 0.10995636 0.99153595
 0.60655167 0.63289499 0.3721903  0.63644119 0.85726786 0.9006686
 0.89550724 0.29882375 0.89635421 0.27900206 0.6206504  0.09655581
 0.21074041 0.55513026 0.03475691 0.67516684 0.40436048 0.48959671
 0.90994861 0.75946053 0.74169588 0.05941686 0.89580172 0.51749659
 0.44546831 0.73675192 0.74892195 0.69378665 0.49220813 0.28580021
 0.54096395 0.34793077 0.87006545 0.1223875  0.21227839 0.98779664
 0.63619086 0.65082826 0.27247653 0.43650665 0.900325   0.22988226
 0.12559015 0.14428823 0.03259677 0.61527854 0.90315965 0.84424239
 0.02605051 0.92105928 0.07747455 0.10214423 0.69891348 0.24692459
 0.83148802 0.15360489 0.80295286 0.31936039 0.02125572 0.84972534
 0.80805958 0.51578869 0.66256461 0.28484915 0.18263974 0.17227225
 0.07078357 0.05306556 0.71722605 0.20588131 0.24626215 0.73757045
 0.13184431 0.91105678 0.68301873 0.09943198 0.07627011 0.3441695
 0.76233862 0.42594276 0.95208797 0.32546755 0.36602293 0.82485718
 0.47165679 0.78245488 0.93066306 0.85960072 0.47941302 0.03677668
 0.6641309  0.875586   0.84574454 0.36034602 0.24287831 0.95901535
 0.70608711 0.27673724 0.16529691 0.31424104 0.28755286 0.68620085
 0.61168348 0.06119252 0.08802735 0.0394246  0.24224137 0.96167336
 0.60516019 0.14700093 0.39997175 0.52546998 0.11589492 0.39500894
 0.85179799 0.4989211  0.44692353 0.57324001 0.15762623 0.53678923
 0.36560051 0.47313787 0.87442215 0.82828835 0.09413729 0.72078835
 0.05867141 0.80780627 0.4268225  0.33705537 0.62793929 0.66373108
 0.72934628 0.14299461 0.76232296 0.02008045 0.0983546  0.88534378
 0.3543507  0.17816148 0.11498349 0.02222922 0.63721389 0.18811277
 0.23478796 0.8650895  0.09875784 0.92881689 0.72005494 0.85037105
 0.80764999 0.15025037 0.50646848 0.36991953 0.55114066 0.8643842
 0.38884145 0.11031331 0.81490392 0.78464089 0.90584706 0.42499925
 0.98549177 0.26295196 0.67044766 0.49439651 0.04978212 0.20144399
 0.04212881 0.77195946 0.86205047 0.41573546 0.43044378 0.12312407
 0.16927358 0.31870283 0.20507677 0.69248369 0.95528014 0.47374588
 0.67920307 0.48577545 0.91010785 0.09093018 0.84130387 0.4934499
 0.37766982 0.8906498  0.27906658 0.44478429 0.52097975 0.76597698
 0.7768798  0.12608324 0.83109699 0.15234725 0.74442929 0.95301297
 0.11694935 0.17460896 0.27749839 0.61902604 0.99428051 0.92500464
 0.61941071 0.27774185 0.32506378 0.95914259 0.34898948 0.0246706
 0.82670404 0.20796807 0.86718803 0.52803875 0.40174611 0.5982368
 0.82236424 0.88912843 0.19044097 0.08207327 0.33374195 0.6270658
 0.17599    0.93800995 0.37786745 0.49781286 0.11069906 0.67256724
 0.27411763 0.74507741 0.87995532 0.12484518 0.13252469 0.45701228
 0.65035077 0.40390531 0.65681552 0.48403051 0.85536611 0.1068386
 0.64800594 0.48678683 0.13416135 0.20960746 0.36571048 0.97556387
 0.07648353 0.33620433 0.22788791 0.44277098 0.86747511 0.45313563
 0.92532021 0.80235054 0.5638587  0.6902133  0.46421799 0.43991387
 0.76496215 0.41749843 0.46593375 0.45795027 0.30124594 0.7080492
 0.77402722 0.90897569 0.79456004 0.01709896 0.02849839 0.30874585
 0.4821937  0.84446953 0.63858603 0.37744178 0.93824834 0.34340196
 0.11376769 0.11107551 0.27799426 0.19786786 0.68893243 0.97466371
 0.28982173 0.63676162 0.76687118 0.72632594 0.96510459 0.63492043
 0.27145409 0.42267635 0.53207064 0.1889788  0.72036518 0.9149737
 0.66755784 0.23976596 0.96986355 0.94210812 0.66659621 0.39972366
 0.71910697 0.01814196 0.65588805 0.71972818 0.76595624 0.4233416
 0.82696325 0.17325716 0.80721172 0.10183928 0.72477838 0.29852787
 0.66446722 0.4849276  0.92858986 0.63549737 0.15518002 0.60909149
 0.72375377 0.18763147 0.39382473 0.83351048 0.78027465 0.06029461
 0.42658395 0.82719565 0.40647505 0.45409225 0.78761054 0.39430738
 0.4599204  0.15325887 0.35928895 0.95485645 0.21351984 0.86536234
 0.31637421 0.57793418 0.50822714 0.63904289 0.88339197 0.12125305
 0.43197767 0.27142347 0.76739345 0.12396342 0.78553419 0.1843635
 0.56107154 0.38672091 0.32942754 0.91156684 0.8843686  0.75028286
 0.38975974 0.32162411 0.38659779 0.9769083  0.62487051 0.07356124
 0.30439668 0.45187719 0.46853793 0.41008706 0.30613233 0.62646106
 0.05775323 0.76727443 0.45182412 0.63245816 0.8523956  0.36210363
 0.48524317 0.90040045 0.63103031 0.1083739  0.25123275 0.68870633
 0.20809762 0.44001925 0.77031928 0.27550532 0.38515197 0.41486766
 0.70242128 0.75408447 0.28636102 0.51555114 0.21730214 0.31634313
 0.26258896 0.21929865 0.64851919 0.90458019 0.65410473 0.784825
 0.80174142 0.24834084 0.92055528 0.08601387 0.45250195 0.9210373
 0.71619685 0.51270484 0.97063682 0.64339238 0.69881723 0.11790868
 0.54197727 0.6415353  0.39477925 0.14546948 0.09551667 0.41649219
 0.48219232 0.41225486 0.74135135 0.40588518 0.31238848 0.8720324
 0.62582469 0.43810559]
2020-02-06 01:09:23,322 - pyswarms.single.global_best - INFO - Optimize for 1 iters with {'c1': 0.5, 'c2': 0.3, 'w': 0.9}
2020-02-06 01:09:24,791 - pyswarms.single.global_best - INFO - Optimization finished | best cost: 0.5666666666666667, best pos: [8.83566214e-01 9.49680168e-01 6.60153485e-01 3.40775675e-02
 3.08121930e-01 8.20034253e-01 4.74307418e-01 4.98088631e-01
 9.60706870e-01 1.48777399e-01 2.06585675e-01 1.86680669e-01
 3.61640989e-01 2.24389477e-01 9.05166202e-01 1.99049386e-01
 1.26307471e-01 5.45205462e-01 3.35422271e-01 2.13777685e-01
 1.69654588e-01 6.89576624e-01 8.73657475e-01 5.96737405e-01
 8.44953170e-01 8.75005541e-01 6.37447610e-02 1.40004491e-01
 6.77071327e-01 5.50637373e-01 6.87975457e-02 9.75201392e-01
 5.58212475e-01 5.11567679e-01 8.56301728e-01 8.21291395e-01
 1.94641746e-01 6.65104979e-01 1.57652839e-01 8.31921290e-01
 3.49816499e-01 3.81700058e-01 6.72546801e-01 6.97932396e-01
 9.18775203e-02 8.92965654e-01 6.06127625e-02 8.22698676e-01
 1.22631064e-01 8.97151126e-01 5.54493960e-01 9.12834866e-01
 9.86990357e-01 4.17735932e-01 1.68389232e-01 6.88806670e-01
 5.83688810e-01 1.31668365e-01 7.78335839e-01 6.76169408e-01
 2.87683789e-01 3.36199208e-01 3.98956450e-01 6.01672638e-01
 4.12337525e-02 1.38880366e-01 3.53107704e-01 2.76214850e-01
 7.72100405e-01 7.05493953e-01 1.80227899e-02 3.90884301e-02
 8.41534700e-01 2.79155830e-01 6.42059244e-01 2.15704159e-01
 2.77593349e-01 7.10553994e-01 8.46692805e-01 8.86852634e-01
 3.16972818e-01 7.07270209e-01 3.04017057e-01 9.56887614e-01
 1.81991281e-01 5.63731071e-02 9.32974859e-01 4.15198460e-01
 2.89887689e-01 5.39658919e-01 8.81857414e-01 8.89730543e-01
 4.89013541e-01 5.61925783e-01 4.74152578e-01 4.26515604e-01
 8.24993221e-01 2.39306634e-01 5.04696708e-01 5.26409756e-01
 5.29825448e-01 2.67709698e-01 9.31720322e-01 4.47838603e-02
 4.19342004e-01 9.96633845e-03 9.25277490e-02 9.05612973e-01
 9.08139383e-01 2.11250595e-01 7.45835223e-01 7.13612177e-01
 1.09855422e-01 7.14751329e-01 6.72199797e-01 1.24418123e-01
 9.92504794e-01 8.48466601e-01 4.35907504e-01 9.56181346e-01
 9.96686283e-01 4.82771326e-01 6.09922081e-01 5.43814156e-01
 9.56692278e-01 3.38325058e-01 7.94730260e-01 4.00999650e-02
 4.61224522e-01 2.37578383e-01 6.77621488e-01 4.51327529e-01
 7.17031534e-01 5.74042688e-01 8.42665548e-01 7.86312104e-01
 7.48809436e-01 9.45872489e-01 7.59928304e-01 1.28831642e-01
 4.70085841e-01 3.45094276e-01 2.65698581e-01 6.43779965e-01
 3.27607678e-01 1.97132680e-01 3.65497409e-02 9.64841528e-01
 4.78082411e-01 8.21831508e-01 3.18774132e-01 1.67548212e-01
 6.74634947e-01 2.47385825e-01 6.04822635e-01 5.17313402e-01
 9.06323399e-02 5.53249604e-01 4.38095652e-02 4.00313586e-01
 9.00984319e-01 2.63639512e-01 3.93293275e-01 9.14102694e-01
 1.72399750e-01 6.37133204e-01 5.37727646e-01 7.06822041e-01
 1.02055932e-02 9.30332468e-01 8.03046454e-02 1.54838178e-01
 5.11554971e-01 7.08429261e-01 3.33912780e-02 4.24000969e-01
 3.33398325e-01 5.89026446e-01 5.38359434e-01 7.31775304e-01
 2.31540837e-01 2.70658158e-01 7.35534552e-02 1.36304446e-01
 6.55022278e-01 2.07987446e-01 3.44009179e-01 5.85678529e-01
 8.41949620e-01 2.11456235e-01 9.19270525e-02 9.47066577e-01
 5.30773386e-01 7.11566227e-01 1.62147468e-01 1.35904814e-01
 5.71145850e-01 6.91856725e-01 1.44599513e-01 6.25145350e-01
 9.21933536e-02 4.88704694e-01 9.27854756e-02 5.37260688e-02
 1.79504537e-02 6.10696700e-01 1.16783695e-02 1.71118483e-01
 8.41187149e-01 8.81091534e-01 2.21322302e-02 4.38224490e-01
 7.19030912e-01 9.00854164e-01 5.91220567e-05 9.94598979e-01
 8.35472465e-01 6.28624633e-02 9.22707680e-02 7.65612596e-01
 3.47893235e-01 7.56707958e-01 7.68717364e-01 2.35224727e-01
 6.15006787e-01 6.72543537e-01 2.67675433e-01 1.00311453e-01
 6.78880514e-01 1.35757618e-01 2.29600883e-01 5.57906709e-01
 3.39245285e-01 2.48721177e-01 4.76710804e-01 6.88001715e-01
 1.42087311e-02 6.03194307e-01 1.77663636e-01 7.73210938e-01
 2.01036634e-01 6.12029618e-01 9.92853856e-01 5.28359334e-01
 8.94989906e-01 5.90522628e-01 4.32356903e-02 2.19715281e-01
 6.31642299e-01 9.20093023e-01 5.49132593e-02 1.05296707e-01
 6.76876253e-01 7.85168879e-01 4.25831126e-01 5.09845027e-01
 1.79304375e-01 7.60068776e-01 1.52547327e-01 6.61611813e-01
 9.80640010e-01 9.12335451e-01 6.27617968e-01 7.33483254e-01
 9.60975065e-01 6.56203345e-01 6.25847651e-01 9.67351110e-01
 7.32698070e-01 2.60680444e-01 8.67138534e-01 7.47746921e-02
 1.99991319e-01 6.38172248e-01 1.86498471e-01 4.95884969e-01
 9.40366332e-01 2.31438750e-01 3.59538745e-01 2.15634114e-01
 7.92021574e-01 2.32515121e-01 9.87097142e-01 1.45772382e-01
 7.59921114e-01 4.08508919e-01 9.59091998e-03 9.04504171e-01
 1.36519738e-01 7.93162406e-01 1.42304444e-01 8.68562542e-01
 2.27030237e-01 8.17566555e-01 5.48690882e-01 6.36249894e-01
 2.30836786e-01 4.40107221e-01 4.66683540e-01 2.91700701e-01
 3.08411761e-01 9.31799096e-01 8.72471541e-03 9.36407585e-01
 4.75232282e-01 9.36424717e-01 7.74725551e-02 4.65386744e-01
 7.91786323e-01 5.56209586e-01 3.91484932e-01 4.55640227e-01
 9.47802324e-01 5.39667808e-01 1.20803384e-01 4.22649502e-01
 6.68380496e-01 9.50496653e-01 7.34733204e-01 7.91013224e-01
 3.79060995e-01 6.26217305e-01 3.61397173e-01 4.95454186e-01
 6.13534927e-02 9.03680392e-01 6.58015748e-01 3.41787945e-01
 5.90566682e-01 2.20824251e-01 6.84566639e-01 8.23799957e-02
 9.68253641e-01 1.60456851e-01 9.65642305e-01 1.48212188e-01
 6.08599009e-01 2.21777765e-01 8.42694859e-01 4.09956568e-01
 2.06844446e-01 9.33070738e-01 5.79829162e-02 8.04575404e-01
 8.59707355e-01 5.08589384e-01 4.72122267e-01 1.38369492e-01
 9.51432839e-01 5.73960441e-01 4.08846015e-01 5.08844747e-01
 4.89108753e-01 8.96517033e-01 7.21314633e-01 3.70117478e-01
 3.84355176e-01 6.96054333e-01 5.99671631e-01 6.53574138e-01
 1.80422117e-01 5.95771081e-01 5.74742577e-01 5.98350851e-01
 7.29174081e-02 7.47621961e-01 7.55011376e-01 8.52298336e-01
 8.17943262e-01 8.55482253e-01 8.89782722e-01 5.26897483e-01
 4.48817449e-02 7.05243370e-01 1.55512638e-01 6.58307885e-01
 5.01750150e-02 5.05966402e-01 9.50124351e-01 8.60328831e-02
 1.40635836e-01 2.17391172e-01 5.79509158e-01 5.15193669e-01
 4.82761690e-01 5.61209437e-01 4.91080274e-01 2.87110296e-01
 4.69557373e-01 2.98450042e-02 1.24930977e-01 9.79985456e-01
 3.96109997e-01 1.63012736e-02 2.00848991e-01 2.59015053e-01
 9.74584093e-01 1.75373814e-01 9.90790863e-01 4.49880999e-01
 7.83531125e-01 7.67265414e-01 2.87733063e-01 1.33769225e-01
 1.72021943e-01 1.19058042e-01 9.43712297e-02 8.53136073e-02
 3.04028048e-01 2.27012199e-01 5.44432067e-01 1.06657364e-01
 9.52136926e-01 1.50641742e-01 8.45588387e-02 9.74468782e-01
 5.14068100e-01 5.62481783e-01 5.43047614e-01 6.77828944e-01
 1.51681900e-01 3.43096679e-02 5.05018110e-01 3.44120394e-01
 1.47188524e-01 8.00408410e-01 9.28661311e-01 4.46344619e-01
 6.68116788e-01 7.43270044e-01 5.54403253e-01 1.81572385e-01
 1.38270245e-01 3.54112129e-01 4.35379940e-02 2.12143826e-01
 6.21633534e-01 2.41193732e-01 4.00654612e-01 4.35085857e-01
 8.28855100e-01 3.64890454e-01 5.35075424e-01 7.25771299e-02
 6.55895295e-01 8.71356493e-01 7.05791602e-01 4.63910511e-01
 1.95179503e-01 1.27823183e-02 6.47743510e-01 4.34100678e-01
 7.34075175e-02 6.69273074e-01 7.96575442e-02 9.08038708e-01
 1.49441058e-01 2.30435312e-01 4.91959064e-01 9.38851723e-01
 5.29337682e-01 1.27641070e-01 3.10270572e-01 6.33255709e-01
 3.71090472e-01 2.32285620e-01 5.92352638e-01 2.50332075e-01
 7.41813512e-01 1.41408325e-01 4.17667902e-01 3.56600248e-01
 7.77920255e-01 8.37700507e-01 5.83065441e-01 1.02861639e-01
 1.31768212e-02 5.80558792e-01 4.06456267e-01 4.18995392e-01
 8.51869709e-01 3.48655610e-01 4.56430438e-01 6.30089725e-01
 7.58152276e-01 9.54478392e-01 7.24230039e-02 9.61102746e-01
 2.12029739e-01 3.01206879e-01 1.98333635e-01 4.34079989e-01
 7.97070213e-01 7.66414013e-01 2.48810418e-01 4.27817965e-01
 3.82078115e-01 3.03612315e-02 4.02366909e-01 1.95998842e-01
 2.00174064e-01 5.92563847e-01 1.04230458e-01 7.88865031e-01
 8.06275520e-02 7.81801432e-01 5.94452365e-02 3.88910717e-01
 5.83234595e-01 2.27854435e-01 7.69296774e-01 7.73852743e-01
 6.81971154e-01 7.95104746e-01 9.64642084e-01 1.93770732e-01
 9.02136924e-01 3.26199622e-01 6.22535604e-01 5.26152535e-01
 3.47834480e-01 1.33626643e-01 2.12217890e-03 9.53221914e-01
 3.23620745e-01 3.84819549e-01 9.87510393e-01 7.52284058e-01
 1.50848620e-01 8.23687657e-01 5.99384899e-01 2.66882533e-01
 7.92003776e-01 4.99137202e-02 6.59292852e-01 6.04904222e-01
 2.03345872e-01 2.45190817e-01 4.87836468e-01 1.20937007e-01
 1.52059293e-01 6.37890696e-01 9.95730914e-02 1.11706031e-01
 9.89800307e-01 7.49151073e-01 5.51763801e-01 6.36267731e-01
 4.44044122e-01 8.74689775e-01 1.82772018e-01 9.59281837e-01
 3.17316539e-01 8.00417380e-01 4.65768451e-01 3.89840815e-01
 5.69930255e-01 5.29387282e-01 1.03344487e-01 5.29722745e-01]
2020-02-06 01:15:06,477 - pyswarms.single.global_best - INFO - Optimize for 1 iters with {'c1': 0.5, 'c2': 0.3, 'w': 0.9}
2020-02-06 01:15:35,049 - pyswarms.single.global_best - INFO - Optimize for 1 iters with {'c1': 0.5, 'c2': 0.3, 'w': 0.9}
2020-02-06 01:15:36,535 - pyswarms.single.global_best - INFO - Optimization finished | best cost: 0.6, best pos: [0.68866203 0.54118422 0.37063071 0.50712634 0.79942274 0.21545388
 0.407962   0.25689929 0.02725314 0.26839114 0.29391185 0.21677165
 0.29888211 0.35954702 0.69129301 0.49782996 0.08928977 0.02273699
 0.92851536 0.63365205 0.64083884 0.6754523  0.60758181 0.58496517
 0.17763205 0.70658685 0.41863181 0.58531468 0.34254366 0.53484373
 0.87747386 0.90827576 0.53199893 0.00170416 0.81753041 0.61711652
 0.9285979  0.00992333 0.20182233 0.72383701 0.38747866 0.70569232
 0.56657919 0.53337993 0.0555941  0.75503214 0.52030127 0.89351774
 0.42121333 0.68891905 0.00794272 0.75497169 0.60389965 0.10751163
 0.06761287 0.38782879 0.515775   0.8487212  0.97775664 0.18616187
 0.38756353 0.61588249 0.06080463 0.53186434 0.30935191 0.56754287
 0.78003977 0.26908518 0.89760255 0.31891211 0.45317276 0.45917962
 0.42994443 0.38932161 0.0527844  0.12250176 0.33494381 0.15484308
 0.77721792 0.90546094 0.7695152  0.35174073 0.34291768 0.23368311
 0.24630143 0.18390381 0.61000861 0.41191895 0.91239305 0.20717719
 0.67152466 0.28653733 0.09330563 0.07014967 0.96299121 0.95523582
 0.4091237  0.06558264 0.15745327 0.23836019 0.85799732 0.79459562
 0.94548342 0.54422273 0.5559635  0.2730898  0.35014775 0.8020812
 0.17136913 0.36858736 0.41343194 0.72780073 0.35483762 0.43413146
 0.73120284 0.10240354 0.91875508 0.54456153 0.31536353 0.60360346
 0.74580733 0.68785856 0.00222548 0.12595268 0.10124775 0.94281287
 0.15323589 0.47177698 0.57059148 0.86946922 0.11287506 0.60723395
 0.81209821 0.58057173 0.17182317 0.64130347 0.64983399 0.03884518
 0.36952635 0.43496067 0.16619928 0.59143575 0.58058945 0.03646628
 0.5878307  0.34049501 0.57974332 0.56294627 0.57654024 0.39606053
 0.42520064 0.94218822 0.91697755 0.20351829 0.69552855 0.74354342
 0.12990579 0.61244646 0.0513773  0.13657913 0.63141589 0.77406442
 0.04463159 0.75954483 0.95188365 0.26450854 0.38440014 0.27420076
 0.86072127 0.28291061 0.12426606 0.43963194 0.35928914 0.08576047
 0.76378173 0.82495692 0.79145669 0.96803412 0.65226048 0.07742565
 0.59433786 0.44279991 0.53366771 0.20652351 0.57056213 0.09184255
 0.5101838  0.74675391 0.85541513 0.27035543 0.51151849 0.3067641
 0.58791119 0.72671714 0.23529345 0.92997191 0.23712606 0.20984107
 0.39860799 0.04453316 0.40243981 0.44052394 0.90212432 0.75308898
 0.88109417 0.81525949 0.25485174 0.91991822 0.65925879 0.41448477
 0.42638976 0.60195495 0.7783824  0.57684296 0.81482549 0.4166355
 0.62763093 0.66171105 0.72941361 0.42129605 0.71557238 0.56144827
 0.63268054 0.96819932 0.73434153 0.62635873 0.11774264 0.01823473
 0.28768195 0.93872093 0.13046109 0.89696696 0.21548294 0.21112679
 0.96111878 0.32890856 0.64417008 0.54137106 0.20752005 0.99214892
 0.82835576 0.97448114 0.35713078 0.61208203 0.06787582 0.64009604
 0.35016214 0.63265439 0.5719905  0.07699764 0.71374894 0.92097873
 0.24760861 0.88786842 0.38927971 0.27582184 0.79312956 0.77865695
 0.0503603  0.77521882 0.97256839 0.34382967 0.40046341 0.87242924
 0.09271439 0.07926208 0.53287809 0.0927633  0.46749356 0.14402596
 0.4398338  0.99892467 0.77367659 0.0738454  0.36235754 0.88217697
 0.82277836 0.34830191 0.97250611 0.39525244 0.2785827  0.07461773
 0.14708944 0.28764636 0.06343795 0.55012307 0.30447341 0.54232485
 0.13008971 0.88620391 0.89647182 0.51844834 0.30378306 0.99098151
 0.4238073  0.93697092 0.50311006 0.98960215 0.38052006 0.44585984
 0.87767952 0.79263578 0.64714957 0.75327021 0.88095216 0.16147698
 0.00219873 0.39442274 0.88934172 0.24038436 0.16837023 0.80447185
 0.24030174 0.19375174 0.15966088 0.78064179 0.53284443 0.71535725
 0.97913046 0.17863663 0.39713429 0.60949886 0.7128114  0.44743747
 0.59112624 0.78023061 0.71709085 0.46787578 0.51112616 0.3364621
 0.77555593 0.58743293 0.37244239 0.63881129 0.26042127 0.34328763
 0.25943686 0.78584906 0.89109902 0.41367834 0.60734563 0.50234094
 0.03200212 0.41574875 0.15011091 0.61216426 0.07931881 0.30281803
 0.5444882  0.45489053 0.3325262  0.17816035 0.61195854 0.04707304
 0.66851646 0.14545992 0.57156507 0.18932794 0.20838711 0.27349224
 0.68149347 0.42826772 0.2979802  0.28030387 0.70216106 0.36794766
 0.46819231 0.50169063 0.84402496 0.95172848 0.967747   0.09046727
 0.94932651 0.2063195  0.11754714 0.89284873 0.46715995 0.64204821
 0.49860037 0.15893194 0.1086009  0.79295574 0.72388147 0.70763823
 0.05064513 0.13669197 0.85665109 0.26927557 0.91365924 0.60897163
 0.59716089 0.94476034 0.54433655 0.49930495 0.12002892 0.06318326
 0.69826091 0.87066179 0.22041402 0.50685785 0.79029342 0.97175876
 0.35014564 0.78115592 0.41269594 0.47267921 0.18651041 0.57085205
 0.62308237 0.90800374 0.77686589 0.55221856 0.31821245 0.62739598
 0.6321097  0.51952148 0.73877295 0.76430414 0.97034313 0.06923515
 0.19026238 0.87139744 0.23136456 0.87210527 0.1253909  0.37841754
 0.10054511 0.23261029 0.73306425 0.08531782 0.01204436 0.20356005
 0.2122679  0.30133773 0.44920954 0.33332905 0.03508445 0.40448784
 0.07033003 0.72161733 0.57492446 0.14730781 0.08744299 0.67921633
 0.24661013 0.8700953  0.97084918 0.76636922 0.23198497 0.37475117
 0.8246313  0.67487893 0.45628872 0.6392793  0.95774646 0.85028019
 0.7744503  0.50694191 0.4658333  0.5467839  0.08498292 0.26909154
 0.344318   0.55572807 0.6290908  0.12288662 0.50879291 0.60252264
 0.15341311 0.03800978 0.10881669 0.48868734 0.23568382 0.0045729
 0.18555524 0.11356847 0.4614802  0.16394545 0.36681457 0.25607452
 0.24293256 0.34254048 0.84104882 0.50597975 0.23657827 0.24342023
 0.48864264 0.46376409 0.36960121 0.83328917 0.6793129  0.2090183
 0.05060676 0.33452008 0.98317909 0.74680388 0.66765425 0.72312438
 0.6501298  0.36173426 0.12027216 0.98581044 0.01437998 0.93041338
 0.91526332 0.10498793 0.90305625 0.37706311 0.52072362 0.57884348
 0.36512473 0.62968264 0.58661161 0.84318261 0.24582315 0.36261442
 0.99245912 0.24103497 0.31534153 0.26956277 0.14509885 0.13154236
 0.29236875 0.69587244 0.42929834 0.25852072 0.1469485  0.08620665
 0.7584269  0.79840355 0.3182322  0.13872103 0.71255397 0.32427652
 0.95346849 0.00381599 0.8647295  0.00502282 0.83331804 0.33125018
 0.4159117  0.56603277 0.64547379 0.00767462 0.73433512 0.33709531
 0.55991917 0.21182396 0.131083   0.35432451 0.15578999 0.8941834
 0.6979023  0.63267227 0.99448388 0.88819908 0.85242072 0.28994273
 0.33012595 0.25810505]
2020-02-06 11:58:28,858 - pyswarms.single.global_best - INFO - Optimize for 1 iters with {'c1': 0.5, 'c2': 0.3, 'w': 0.9}
2020-02-06 11:58:30,577 - pyswarms.single.global_best - INFO - Optimization finished | best cost: 0.6, best pos: [0.58834911 0.7015479  0.53104726 0.3841825  0.85348781 0.47739312
 0.79554134 0.16155538 0.95773936 0.07166296 0.23997266 0.34522944
 0.47238924 0.58340892 0.77888668 0.07086919 0.31047291 0.42358155
 0.22544826 0.54926035 0.89442457 0.2707555  0.99461566 0.76663586
 0.19883828 0.57657622 0.87267058 0.34411759 0.52079686 0.46236385
 0.83330814 0.393935   0.64905203 0.74111628 0.28275658 0.30956017
 0.65369993 0.7483725  0.47116273 0.62317325 0.96558335 0.02489344
 0.35273347 0.35956293 0.97994433 0.35481626 0.00221823 0.49202322
 0.35859112 0.77729909 0.61512321 0.08729183 0.31993769 0.35499718
 0.66293292 0.6988629  0.77654124 0.91790258 0.63962044 0.04346625
 0.96172007 0.86263857 0.71580444 0.9095619  0.30913778 0.47365525
 0.30445224 0.49128315 0.08654445 0.73648518 0.21238355 0.8461001
 0.85655833 0.23940244 0.61678583 0.95948052 0.06748165 0.92969898
 0.90836905 0.9374743  0.09269684 0.32009091 0.87907546 0.69781005
 0.74842264 0.51191185 0.72820757 0.0373169  0.92548192 0.80050412
 0.87107877 0.32941649 0.72788821 0.09459706 0.16830353 0.62663013
 0.64416547 0.2010163  0.92242559 0.36179313 0.43574226 0.23722663
 0.5062276  0.17914624 0.72902012 0.70274495 0.91591342 0.98084166
 0.60914071 0.74598049 0.92706049 0.83478363 0.51475093 0.3703747
 0.35993308 0.96420717 0.58706373 0.89866011 0.94153112 0.85147953
 0.25598449 0.45367195 0.54155061 0.95059663 0.54664401 0.81135455
 0.17796147 0.66864701 0.84673197 0.66125741 0.18376517 0.28020566
 0.09409734 0.44499996 0.2986149  0.13118585 0.95716169 0.95262683
 0.37516901 0.30477098 0.0172854  0.70375352 0.83578604 0.90787581
 0.28816259 0.03863046 0.34312393 0.55160281 0.57701137 0.30901569
 0.05699627 0.38170147 0.11767193 0.9499951  0.23300771 0.35961751
 0.74725505 0.08265121 0.26912124 0.78044284 0.24894247 0.81658357
 0.23008334 0.26946363 0.25470643 0.98450618 0.1024146  0.0046324
 0.52153419 0.57761788 0.96634489 0.93821502 0.46559782 0.89927931
 0.40264473 0.49158687 0.13302708 0.63505677 0.39181185 0.38789729
 0.40571287 0.90171582 0.08767091 0.45714877 0.08353992 0.30830671
 0.88910323 0.49349357 0.24860015 0.24777715 0.54249107 0.71283185
 0.57682999 0.49794087 0.45953961 0.86726843 0.75911421 0.09673214
 0.9363768  0.0734419  0.04971867 0.83845548 0.43515308 0.95087348
 0.70238623 0.44423057 0.45643693 0.06824336 0.27292675 0.47049949
 0.31818847 0.29777699 0.96533223 0.13585256 0.27413301 0.72700239
 0.08741786 0.71081459 0.98255213 0.0691056  0.58347129 0.23145121
 0.55130626 0.4134744  0.96544317 0.73014166 0.49023255 0.71696374
 0.53374238 0.04688925 0.87867331 0.23485667 0.28781508 0.80962673
 0.21767468 0.19339218 0.39328832 0.92540558 0.56286124 0.21738384
 0.74588252 0.17313763 0.11726857 0.34278385 0.13316112 0.87982522
 0.27211959 0.00762972 0.55658545 0.95437181 0.27236923 0.86856133
 0.4752278  0.8713013  0.4745722  0.38586961 0.51129913 0.74767301
 0.58045792 0.83474486 0.54692349 0.6981654  0.06167432 0.68010585
 0.39002683 0.55454218 0.27494198 0.94229015 0.35397403 0.84922617
 0.90502547 0.79873667 0.92297919 0.82746792 0.48757509 0.97047647
 0.45042033 0.49985508 0.87175916 0.06004417 0.63435331 0.82089519
 0.24338745 0.48892686 0.93318496 0.68952177 0.18967793 0.39054817
 0.16703348 0.94743999 0.40208924 0.53698255 0.33332061 0.71382948
 0.555383   0.93075402 0.46342603 0.62588528 0.51538242 0.88242503
 0.86259508 0.3347989  0.23561635 0.63123802 0.62032933 0.80471884
 0.71700408 0.68042052 0.39407536 0.1353772  0.61754693 0.64156539
 0.50275166 0.72444874 0.06301626 0.83463431 0.66494417 0.95012006
 0.20107262 0.59526389 0.68884661 0.46262907 0.43262858 0.64225564
 0.44938716 0.12283164 0.75439472 0.54502308 0.16364882 0.58847476
 0.44381357 0.4792199  0.34624754 0.85234391 0.85452781 0.84251727
 0.70212287 0.13640927 0.69748087 0.67765275 0.24810028 0.72108117
 0.33438048 0.35253984 0.27079376 0.79595823 0.42161517 0.76602295
 0.99848002 0.49534613 0.48078659 0.97067106 0.13264857 0.83624431
 0.15555877 0.7893379  0.20727274 0.61463836 0.21626292 0.8309014
 0.04428047 0.56797427 0.07731188 0.42205892 0.23174152 0.18685605
 0.10713735 0.15034565 0.96837553 0.17725403 0.77061007 0.78734012
 0.71153678 0.68614926 0.45984804 0.25825473 0.00805351 0.63774042
 0.42368235 0.55830714 0.51166984 0.82603307 0.40256923 0.31424885
 0.28694547 0.08970066 0.14241592 0.8078791  0.83993326 0.13203731
 0.02821314 0.35001254 0.34494472 0.35711238 0.20500669 0.72498145
 0.10744226 0.89676268 0.40819401 0.62105128 0.75929287 0.52746932
 0.73755416 0.34068627 0.34224314 0.88210524 0.20973034 0.99216915
 0.81259908 0.91916058 0.27327957 0.32743836 0.44401749 0.98886015
 0.21928516 0.56466719 0.36315914 0.65054617 0.60856355 0.88746852
 0.10546508 0.72506336 0.8981062  0.79786114 0.50981746 0.54765303
 0.84222559 0.93304341 0.72826866 0.47609194 0.101981   0.4652443
 0.76824099 0.12298313 0.25323911 0.89756523 0.46141062 0.56810568
 0.08929313 0.87753431 0.3030263  0.28797873 0.17134903 0.39845279
 0.84691388 0.42333844 0.59159322 0.40703374 0.72161532 0.03830775
 0.37274795 0.48710824 0.42052112 0.81325304 0.32583532 0.94380498
 0.74174898 0.04301936 0.77860442 0.49712856 0.02577442 0.50647938
 0.9381848  0.95363828 0.82311386 0.66418254 0.28256442 0.48204678
 0.52567215 0.32972175 0.13038914 0.05665483 0.68272877 0.43191103
 0.77150863 0.55573894 0.09872565 0.4842243  0.20211573 0.91794322
 0.11518767 0.18609566 0.46068536 0.98603501 0.74876168 0.483584
 0.76820742 0.83834138 0.85060419 0.7335829  0.7448843  0.48902012
 0.37171787 0.0191935  0.59588794 0.42250059 0.23068604 0.21146596
 0.90477239 0.22621886 0.05051314 0.58257572 0.11102803 0.07714318
 0.75943843 0.84593316 0.46204419 0.02180805 0.93213996 0.75295626
 0.26721333 0.40246538 0.32227882 0.42699082 0.75212974 0.144274
 0.43109198 0.18462184 0.61229694 0.97916386 0.68141134 0.38493645
 0.42906892 0.36865565 0.64639862 0.7447843  0.53951766 0.60509394
 0.54123679 0.12837322 0.27575638 0.34885817 0.56897849 0.31198016
 0.06481971 0.10347714 0.7105761  0.65822828 0.2462864  0.59390806
 0.80668008 0.15396948 0.31873431 0.37630734 0.72737407 0.19643686
 0.55627257 0.53698553 0.14852745 0.95836542 0.77713118 0.37242716
 0.94180673 0.03050334 0.26376173 0.88605465 0.68440032 0.38005507
 0.99710779 0.5209859 ]
2020-02-06 11:59:46,528 - pyswarms.single.global_best - INFO - Optimize for 1 iters with {'c1': 0.5, 'c2': 0.3, 'w': 0.9}
2020-02-06 12:00:35,390 - pyswarms.single.global_best - INFO - Optimize for 1 iters with {'c1': 0.5, 'c2': 0.3, 'w': 0.9}
2020-02-06 12:01:04,951 - pyswarms.single.global_best - INFO - Optimize for 1 iters with {'c1': 0.5, 'c2': 0.3, 'w': 0.9}
2020-02-06 12:01:06,483 - pyswarms.single.global_best - INFO - Optimization finished | best cost: 0.7333333333333334, best pos: [0.41204149 0.2248698  0.62061872 ... 0.97285801 0.02857295 0.00444958]
2020-02-06 12:02:01,372 - pyswarms.single.global_best - INFO - Optimize for 1 iters with {'c1': 0.5, 'c2': 0.3, 'w': 0.9}
2020-02-06 12:02:02,872 - pyswarms.single.global_best - INFO - Optimization finished | best cost: 0.8333333333333334, best pos: [0.60895873 0.58562258 0.01784551 ... 0.25737698 0.41514339 0.18989598]
2020-02-06 12:02:32,323 - pyswarms.single.global_best - INFO - Optimize for 1 iters with {'c1': 0.5, 'c2': 0.3, 'w': 0.9}
2020-02-06 12:02:35,678 - pyswarms.single.global_best - INFO - Optimization finished | best cost: 0.6333333333333333, best pos: [0.97255933 0.03238586 0.64468611 ... 0.05488446 0.5602496  0.60657974]
2020-02-06 12:04:24,180 - pyswarms.single.global_best - INFO - Optimize for 1 iters with {'c1': 0.5, 'c2': 0.3, 'w': 0.9}
2020-02-06 12:05:29,766 - pyswarms.single.global_best - INFO - Optimize for 1 iters with {'c1': 0.5, 'c2': 0.3, 'w': 0.9}
2020-02-06 12:06:14,776 - pyswarms.single.global_best - INFO - Optimization finished | best cost: 0.6666666666666667, best pos: [0.63624441 0.08596746 0.02693043 ... 0.60679412 0.01980251 0.42931971]
2020-02-06 12:07:10,807 - pyswarms.single.global_best - INFO - Optimize for 1 iters with {'c1': 0.5, 'c2': 0.3, 'w': 0.9}
2020-02-06 12:09:48,470 - pyswarms.single.global_best - INFO - Optimization finished | best cost: 0.6333333333333333, best pos: [0.742372   0.27270856 0.80017875 ... 0.58108389 0.63694246 0.59720229]
2020-02-06 12:10:58,963 - pyswarms.single.global_best - INFO - Optimize for 1 iters with {'c1': 0.5, 'c2': 0.3, 'w': 0.9}
2020-02-06 12:11:00,576 - pyswarms.single.global_best - INFO - Optimization finished | best cost: 0.5333333333333333, best pos: [0.06913222 0.40104078 0.33106916 ... 0.47789825 0.49647517 0.96825504]
2020-02-06 12:11:27,512 - pyswarms.single.global_best - INFO - Optimize for 1 iters with {'c1': 0.5, 'c2': 0.3, 'w': 0.9}
2020-02-06 12:11:30,910 - pyswarms.single.global_best - INFO - Optimization finished | best cost: 0.6, best pos: [0.45004678 0.27598983 0.77766219 ... 0.44503847 0.03805609 0.01452411]
2020-02-06 12:11:40,977 - pyswarms.single.global_best - INFO - Optimize for 1 iters with {'c1': 0.5, 'c2': 0.3, 'w': 0.9}
2020-02-06 12:11:44,354 - pyswarms.single.global_best - INFO - Optimization finished | best cost: 0.6666666666666667, best pos: [0.76999811 0.09260568 0.37923875 ... 0.37159806 0.53878478 0.52939924]
2020-02-06 12:12:16,736 - pyswarms.single.global_best - INFO - Optimize for 1 iters with {'c1': 0.5, 'c2': 0.3, 'w': 0.9}
2020-02-06 12:12:18,370 - pyswarms.single.global_best - INFO - Optimization finished | best cost: 0.7, best pos: [0.63327403 0.2189658  0.42387208 ... 0.70809422 0.01419916 0.8986182 ]
2020-02-06 12:12:33,642 - pyswarms.single.global_best - INFO - Optimize for 1 iters with {'c1': 0.5, 'c2': 0.3, 'w': 0.9}
2020-02-06 12:12:39,335 - pyswarms.single.global_best - INFO - Optimization finished | best cost: 0.4666666666666667, best pos: [0.31154924 0.57034147 0.34009936 ... 0.11803784 0.09804326 0.99968241]
2020-02-06 12:12:53,761 - pyswarms.single.global_best - INFO - Optimize for 1 iters with {'c1': 0.5, 'c2': 0.3, 'w': 0.9}
2020-02-06 12:13:13,643 - pyswarms.single.global_best - INFO - Optimization finished | best cost: 0.6, best pos: [0.76000144 0.08600858 0.43761893 ... 0.61869278 0.00461556 0.67554148]
2020-02-06 12:14:20,416 - pyswarms.single.global_best - INFO - Optimize for 1 iters with {'c1': 0.5, 'c2': 0.3, 'w': 0.9}
2020-02-06 12:14:39,797 - pyswarms.single.global_best - INFO - Optimize for 1 iters with {'c1': 0.5, 'c2': 0.3, 'w': 0.9}
2020-02-06 12:16:51,805 - pyswarms.single.global_best - INFO - Optimize for 1 iters with {'c1': 0.5, 'c2': 0.3, 'w': 0.9}
2020-02-06 12:17:37,313 - pyswarms.single.global_best - INFO - Optimize for 1 iters with {'c1': 0.5, 'c2': 0.3, 'w': 0.9}
2020-02-06 12:17:40,364 - pyswarms.single.global_best - INFO - Optimization finished | best cost: 0.8666666666666667, best pos: [0.53519733 0.34802151 0.8420311  ... 0.03325197 0.12814213 0.94948174]
2020-02-06 12:18:31,439 - pyswarms.single.global_best - INFO - Optimize for 1 iters with {'c1': 0.5, 'c2': 0.3, 'w': 0.9}
2020-02-06 12:19:34,616 - pyswarms.single.global_best - INFO - Optimize for 1 iters with {'c1': 0.5, 'c2': 0.3, 'w': 0.9}
2020-02-06 12:20:39,845 - pyswarms.single.global_best - INFO - Optimize for 1 iters with {'c1': 0.5, 'c2': 0.3, 'w': 0.9}
2020-02-06 12:22:05,675 - pyswarms.single.global_best - INFO - Optimize for 1 iters with {'c1': 0.5, 'c2': 0.3, 'w': 0.9}
2020-02-06 12:22:08,710 - pyswarms.single.global_best - INFO - Optimization finished | best cost: 0.5, best pos: [0.47797286 0.08456507 0.11212621 ... 0.9946904  0.76155143 0.08799422]
2020-02-06 12:22:24,353 - pyswarms.single.global_best - INFO - Optimize for 1 iters with {'c1': 0.5, 'c2': 0.3, 'w': 0.9}
2020-02-06 12:29:40,398 - pyswarms.single.global_best - INFO - Optimize for 1 iters with {'c1': 0.5, 'c2': 0.3, 'w': 0.9}
2020-02-06 12:30:46,904 - pyswarms.single.global_best - INFO - Optimize for 1 iters with {'c1': 0.5, 'c2': 0.3, 'w': 0.9}
2020-02-06 12:31:42,912 - pyswarms.single.global_best - INFO - Optimize for 1 iters with {'c1': 0.5, 'c2': 0.3, 'w': 0.9}
2020-02-06 12:33:57,971 - pyswarms.single.global_best - INFO - Optimize for 1 iters with {'c1': 0.5, 'c2': 0.3, 'w': 0.9}
2020-02-06 12:34:33,015 - pyswarms.single.global_best - INFO - Optimize for 1 iters with {'c1': 0.5, 'c2': 0.3, 'w': 0.9}
2020-02-06 12:35:40,143 - pyswarms.single.global_best - INFO - Optimize for 1 iters with {'c1': 0.5, 'c2': 0.3, 'w': 0.9}
2020-02-06 12:35:41,706 - pyswarms.single.global_best - INFO - Optimization finished | best cost: 0.7, best pos: [2.21728168e-01 1.24035736e-01 7.18417422e-01 8.84678359e-01
 2.45518975e-01 2.31461676e-02 6.37054275e-01 7.39050389e-01
 7.78381185e-01 7.97700726e-01 6.20738777e-01 7.99476975e-01
 6.66408285e-02 5.46626204e-01 3.70705614e-01 1.61813089e-01
 9.62999375e-01 2.09203007e-01 8.99297158e-01 3.59158058e-01
 1.38584120e-02 1.82928336e-01 4.91316329e-02 4.44521555e-01
 3.50559555e-01 3.60799160e-01 7.99292363e-01 6.28400786e-01
 5.04175501e-02 1.49155894e-01 7.16909060e-01 3.21294402e-02
 2.91353870e-01 4.66691322e-01 7.82167503e-01 8.19540485e-01
 2.43877350e-01 3.86049028e-01 7.49650343e-01 7.33910795e-01
 7.55378932e-01 3.02022920e-01 9.64004099e-01 8.00081132e-01
 6.39642732e-01 9.99687076e-01 9.71707109e-01 5.50387575e-01
 2.04574075e-01 1.15588177e-01 7.05496483e-02 7.84795273e-01
 8.77316685e-01 5.37828874e-01 4.93257749e-01 4.56533657e-02
 2.07444765e-01 7.87270493e-01 7.25927048e-01 7.50484156e-02
 3.96139004e-01 2.30809059e-01 7.99900011e-01 9.29101266e-01
 7.91258942e-01 7.47275176e-02 5.67961328e-01 5.78980236e-02
 8.22707284e-01 4.83291893e-01 3.81369212e-01 8.30952933e-01
 7.66322379e-01 1.17223841e-01 6.01970295e-01 8.27978872e-01
 3.78872985e-01 8.84564498e-01 9.08835357e-01 4.65869996e-01
 9.48939526e-01 6.58731403e-01 2.39336785e-01 3.69036083e-01
 4.91353050e-01 1.13002460e-02 7.99370233e-01 7.28449719e-01
 8.02858317e-01 4.42629743e-01 5.53640308e-01 2.20728950e-02
 8.38829023e-01 7.71663254e-01 1.40895046e-01 4.08498653e-01
 1.20020565e-01 6.08171249e-01 9.66124389e-01 4.32144975e-01
 5.98419145e-01 1.01023925e-01 2.58004434e-01 3.71449540e-01
 3.56699889e-01 3.07516590e-01 5.95872387e-01 6.21645150e-02
 6.63873977e-01 2.85710593e-02 7.41847164e-01 8.15026438e-01
 9.92335542e-01 1.49870185e-01 8.48889302e-01 1.83684537e-01
 4.80310448e-01 4.75238100e-01 6.38934045e-01 6.47264119e-01
 7.96184058e-02 8.02724658e-01 2.75696192e-02 6.47987476e-01
 9.13105253e-01 9.46146669e-01 1.30622407e-01 8.86763669e-01
 1.24494770e-01 1.39449619e-01 2.82862562e-01 2.17166048e-01
 8.35129863e-01 7.07612037e-01 6.95238953e-01 5.97251855e-01
 6.13059571e-01 4.76862235e-01 3.68528875e-01 2.68321008e-01
 3.54914832e-01 8.00877468e-01 3.87351082e-01 6.53157520e-02
 2.69181382e-01 9.33379630e-01 3.95290010e-01 1.04541459e-01
 2.68861866e-01 4.24613130e-01 9.52358548e-01 3.56998006e-01
 1.34352107e-02 3.13075858e-01 5.02934250e-01 3.13456346e-01
 8.50975332e-01 2.73604691e-01 7.70473147e-01 2.31606720e-01
 2.00457080e-01 2.94602487e-01 1.88077733e-01 8.97014679e-01
 3.50294944e-01 6.22161130e-01 4.71546616e-01 5.39292847e-02
 4.71764213e-01 1.30475580e-01 5.86572874e-01 1.92691287e-01
 4.17888854e-01 7.38093478e-01 8.05701918e-02 1.12314140e-01
 9.07686478e-02 5.37476400e-01 6.75172747e-01 7.53614872e-01
 3.13246939e-01 3.06476321e-01 6.64985402e-01 3.78636299e-01
 3.55252555e-01 5.47269106e-02 9.99803078e-01 9.54409629e-02
 5.88589749e-01 1.49327776e-01 1.28332632e-01 1.83280289e-01
 8.83411626e-01 9.73904922e-01 8.06118932e-01 8.64814270e-01
 2.78250575e-04 3.87781823e-01 7.01897440e-01 4.82347625e-01
 5.17400875e-01 6.40915211e-01 1.41024660e-01 9.13989212e-01
 7.61965694e-01 9.53833254e-02 4.96516074e-01 9.39334625e-01
 6.22751675e-01 8.13423058e-01 1.84818352e-01 6.08376324e-01
 7.08737626e-01 1.47228935e-01 4.57006955e-01 5.08280902e-01
 5.04261767e-01 3.95168543e-01 9.41233664e-02 2.87961127e-01
 1.30676329e-01 8.33882444e-01 3.40376951e-01 4.77053902e-01
 7.17064197e-01 1.65924283e-01 1.51195706e-01 7.92201703e-01
 9.29825223e-01 9.72402168e-02 8.08468563e-01 8.08811968e-01
 4.64621649e-01 9.05142741e-01 9.97160756e-01 5.11313314e-01
 2.21736979e-01 4.58047290e-01 4.98708399e-01 6.58004854e-01]
2020-02-06 14:54:17,089 - pyswarms.single.global_best - INFO - Optimize for 1 iters with {'c1': 0.5, 'c2': 0.3, 'w': 0.9}
2020-02-06 14:56:01,677 - pyswarms.single.global_best - INFO - Optimize for 1 iters with {'c1': 0.5, 'c2': 0.3, 'w': 0.9}
2020-02-06 14:59:11,308 - pyswarms.single.global_best - INFO - Optimize for 1 iters with {'c1': 0.5, 'c2': 0.3, 'w': 0.9}
2020-02-06 14:59:29,935 - pyswarms.single.global_best - INFO - Optimize for 1 iters with {'c1': 0.5, 'c2': 0.3, 'w': 0.9}
2020-02-06 15:00:33,323 - pyswarms.single.global_best - INFO - Optimize for 1 iters with {'c1': 0.5, 'c2': 0.3, 'w': 0.9}
2020-02-06 15:01:43,043 - pyswarms.single.global_best - INFO - Optimize for 1 iters with {'c1': 0.5, 'c2': 0.3, 'w': 0.9}
2020-02-06 15:04:59,845 - pyswarms.single.global_best - INFO - Optimize for 1 iters with {'c1': 0.5, 'c2': 0.3, 'w': 0.9}
2020-02-06 15:05:01,283 - pyswarms.single.global_best - INFO - Optimization finished | best cost: 0.6333333333333333, best pos: [0.68543079 0.93425915 0.71757773 0.2128542  0.38991177 0.94573482
 0.66861641 0.5643749  0.47079724 0.53894909 0.59306779 0.34380233
 0.09915753 0.20967464 0.36703632 0.54968402 0.98693799 0.40064752
 0.79337874 0.00970106 0.90964467 0.15765994 0.88398095 0.67452802
 0.77024377 0.849566   0.91016051 0.82738074 0.38382294 0.71496853
 0.69124377 0.12252362 0.85708877 0.02769274 0.50257288 0.70515848
 0.91333159 0.87569113 0.20772052 0.77499577 0.15033342 0.33364624
 0.85795928 0.44784116 0.07054592 0.93372259 0.353262   0.59886642
 0.00782582 0.52709244 0.1354409  0.6324765  0.59155605 0.0065354
 0.82369888 0.58655272 0.35777849 0.72318499 0.36458066 0.2615123
 0.50305377 0.57410495 0.26455772 0.28031658 0.27520191 0.42731078
 0.1116894  0.91080204 0.8973825  0.87343119 0.4898674  0.79968102
 0.43889    0.34342075 0.36888363 0.12636139 0.0522843  0.01735731
 0.81775062 0.48438101 0.97866789 0.80046705 0.24880036 0.35346168
 0.77536579 0.46711363 0.13206077 0.97637742 0.78534068 0.68600595
 0.60864274 0.55129781 0.95942293 0.86175076 0.48779238 0.63822936
 0.91843836 0.63660764 0.14097683 0.90518936 0.5887836  0.91147224
 0.76649963 0.634854   0.05934767 0.97851332 0.12273273 0.16194075
 0.12837503 0.01445637 0.1251411  0.94862198 0.09225517 0.19524422
 0.02318918 0.40595929 0.45131938 0.60406194 0.1443157  0.07202706
 0.79163611 0.23856277 0.96341575 0.795147   0.95658927 0.0418872
 0.37846337 0.580702   0.24740922 0.71850577 0.73605291 0.39896317
 0.96518987 0.95600458 0.75646465 0.61542996 0.65660653 0.11182237
 0.77168094 0.50318364 0.89225772 0.13091537 0.97416881 0.18561175
 0.90060733 0.0153949  0.83123198 0.42548192 0.86598012 0.28458731
 0.9674025  0.38299428 0.66872993 0.21398455 0.20554484 0.39585511
 0.66873797 0.22102129 0.15828355 0.86063692 0.18826242 0.9272018
 0.09046078 0.78922184 0.14872448 0.82637684 0.98253802 0.79734671
 0.56548195 0.84403222 0.98050703 0.50234167 0.01127036 0.87018581
 0.43336423 0.12729308 0.99758801 0.56661047 0.76782034 0.12216894
 0.58938581 0.19395564 0.35005224 0.22363103 0.18426312 0.16482405
 0.73178754 0.0081258  0.41705173 0.11331148 0.44324569 0.74716182
 0.67346728 0.58946292 0.82620843 0.70913999 0.86805629 0.80862319
 0.12191185 0.54784468 0.62983345 0.83375254 0.57840441 0.82496673
 0.62258612 0.4185157  0.20873478 0.77649782 0.20812127 0.98113978
 0.00794324 0.31197808 0.2509358  0.57764454 0.2941337  0.94679507
 0.85649718 0.47290911 0.91577136 0.37715547 0.41154132 0.11432448
 0.49357626 0.36807642 0.64122727 0.74892045 0.72041349 0.81129195
 0.13247308 0.86205927 0.02153195 0.38660637 0.69769284 0.71857994
 0.58778743 0.92060076 0.67675534 0.64399902 0.81354149 0.49175518]
2020-02-06 15:06:20,671 - pyswarms.single.global_best - INFO - Optimize for 1 iters with {'c1': 0.5, 'c2': 0.3, 'w': 0.9}
2020-02-06 15:09:55,922 - pyswarms.single.global_best - INFO - Optimize for 1 iters with {'c1': 0.5, 'c2': 0.3, 'w': 0.9}
2020-02-06 15:12:57,823 - pyswarms.single.global_best - INFO - Optimize for 1 iters with {'c1': 0.5, 'c2': 0.3, 'w': 0.9}
2020-02-06 15:12:59,409 - pyswarms.single.global_best - INFO - Optimization finished | best cost: 0.0, best pos: [0.48742151 0.08586817 0.781511   0.86639981 0.00315982 0.90364139
 0.39896219 0.64604381 0.83657514 0.91447856 0.1265788  0.21722246
 0.98315173 0.33859702 0.80637036 0.08213715 0.77585892 0.3033349
 0.74520117 0.92207467 0.21094457 0.81777836 0.81974222 0.48221275
 0.76904695 0.92759384 0.62018452 0.55169171 0.9871025  0.42905022
 0.49717515 0.95456047 0.45858563 0.56267394 0.64232909 0.53046984
 0.34418036 0.57198029 0.53163526 0.82512662 0.9177829  0.42340722
 0.35759317 0.67691972 0.74096968 0.67327572 0.69784379 0.80589416
 0.81932146 0.22541611 0.39279765 0.04920132 0.76089166 0.94673569
 0.6858163  0.6977534  0.34488305 0.44898712 0.62333099 0.89476749
 0.688643   0.53104916 0.728481   0.16129874 0.70062413 0.04732839
 0.84000548 0.34253705 0.59854288 0.64196967 0.99381958 0.16025189
 0.77099112 0.82253044 0.71004132 0.81342168 0.51741396 0.57665094
 0.69072808 0.59152183 0.66548058 0.07160732 0.92025374 0.97418313
 0.13845343 0.40301986 0.10250485 0.13372816 0.87080677 0.08718263
 0.71717724 0.74993709 0.67371285 0.12828289 0.09660523 0.27969295
 0.32020563 0.11766995 0.46862724 0.70492813 0.639926   0.75119494
 0.73367978 0.64099358 0.63004522 0.5244471  0.98120536 0.39537964
 0.05664784 0.16566289 0.75720629 0.10000631 0.63383286 0.33396871
 0.64238324 0.54051071 0.07604433 0.65976507 0.74581488 0.44810336
 0.64828752 0.78196541 0.76752577 0.39814427 0.77323458 0.83245332
 0.95937279 0.25659906 0.99275335 0.11024747 0.8323509  0.88201611
 0.72216267 0.15962824 0.62158747 0.25673869 0.3764242  0.87105058
 0.3849881  0.0883623  0.57190578 0.04429331 0.79845809 0.21740433
 0.53006793 0.73500119 0.85336882 0.38338627 0.60539936 0.41306267
 0.84759623 0.87411921 0.73881293 0.43478671 0.23312963 0.98288295
 0.64572207 0.18975196 0.60159275 0.98514532 0.19357262 0.52220553
 0.59350438 0.0388422  0.73862829 0.29020872 0.09188768 0.2117748
 0.35170511 0.23027814 0.62431482 0.70711612 0.73233488 0.44243892
 0.32269536 0.3771334  0.46393729 0.79980222 0.40329329 0.95082476
 0.04746042 0.09632626 0.8600658  0.81376576 0.55585845 0.58465207
 0.06021707 0.20683625 0.12139872 0.86466095 0.28901195 0.5993921
 0.08312896 0.89854833 0.47413816 0.00524381 0.32201582 0.52915446
 0.45220715 0.87289169 0.56988004 0.27875974 0.84683991 0.79450149
 0.37120774 0.66046404 0.44571859 0.38529872 0.09001119 0.42788504
 0.12527876 0.56801764 0.4133739  0.0700087  0.50056742 0.86673439
 0.52619381 0.62201147 0.78345283 0.95308567 0.59666157 0.98786175
 0.87292815 0.93519311 0.42252235 0.6831946  0.30611485 0.76118742
 0.20359598 0.07272809 0.35543531 0.14621663 0.71813931 0.76853367
 0.93219777 0.57163343 0.58849992 0.98504939 0.29504227 0.03736569]
2020-02-06 15:16:05,141 - pyswarms.single.global_best - INFO - Optimize for 1 iters with {'c1': 0.5, 'c2': 0.3, 'w': 0.9}
2020-02-06 15:16:06,700 - pyswarms.single.global_best - INFO - Optimization finished | best cost: 0.0, best pos: [0.6352209  0.80114387 0.89922319 0.77637672 0.2398378  0.65801029
 0.99205538 0.88588847 0.29105813 0.206026   0.29869419 0.2344675
 0.83175623 0.6854089  0.48483801 0.41132748 0.42321654 0.87539718
 0.74916531 0.67959256 0.49720756 0.09118116 0.64893444 0.08933201
 0.43889116 0.81352015 0.95795689 0.29367938 0.61793747 0.51981731
 0.68617933 0.02202154 0.15735157 0.3511024  0.35851757 0.02879482
 0.23275935 0.99538585 0.76407228 0.46616828 0.99027728 0.39115186
 0.53728347 0.94296308 0.05869867 0.42746095 0.98851622 0.03847047
 0.7466367  0.79439078 0.43222035 0.7892302  0.31731144 0.14516807
 0.66754718 0.08599601 0.51958704 0.79682808 0.42856867 0.70588167
 0.79768003 0.6123248  0.24745808 0.35836489 0.58689778 0.97608906
 0.98740764 0.27937274 0.09533138 0.45033536 0.88417432 0.79785065
 0.8922575  0.91554466 0.31641917 0.46662203 0.01943422 0.0903403
 0.16818016 0.73431159 0.88222451 0.15621268 0.06292831 0.79157693
 0.86040298 0.15256112 0.2571918  0.04362119 0.3232778  0.26263507
 0.52172756 0.97770614 0.25650965 0.88639837 0.97878086 0.89940724
 0.3126647  0.34278484 0.94659772 0.17998921 0.00685534 0.95829135
 0.75162    0.07467646 0.36092105 0.28410765 0.65461625 0.24578434
 0.04971924 0.56380141 0.75625518 0.95878283 0.13602883 0.98305459
 0.80094642 0.4133638  0.58481347 0.01716929 0.09549102 0.18977364
 0.94798741 0.45991435 0.24311099 0.38163099 0.03699467 0.95719976
 0.43628835 0.52791525 0.56995638 0.15506768 0.83899077 0.509154
 0.84856096 0.66847168 0.26994328 0.76299782 0.88872653 0.5597379
 0.59610648 0.88352478 0.16568509 0.11764044 0.70389657 0.68196362
 0.81599183 0.86176155 0.86114022 0.84578792 0.31428539 0.4862385
 0.45362595 0.27917413 0.8889317  0.58931867 0.25896345 0.87350718
 0.39684126 0.87251579 0.48942429 0.51069667 0.67323229 0.34823784
 0.11664783 0.93915956 0.22937342 0.70165744 0.87525412 0.89700127
 0.18758092 0.54311784 0.57849436 0.8713542  0.39781537 0.49462205
 0.68541572 0.7226219  0.12991052 0.24287993 0.2524123  0.27221761
 0.0289812  0.06840862 0.18630393 0.73124433 0.64246314 0.08635869
 0.11322496 0.4801817  0.75758326 0.38097021 0.21634438 0.45398853
 0.52526571 0.30672954 0.08705222 0.13632162 0.91107241 0.58404512
 0.51592599 0.49073532 0.4934579  0.40588422 0.91625962 0.83927239
 0.34387955 0.75375332 0.39795629 0.61152483 0.88375153 0.69794546
 0.36639065 0.16218018 0.45794592 0.69378387 0.69559122 0.55025055
 0.89991889 0.33025932 0.63409048 0.29853542 0.30657509 0.78146679
 0.18677622 0.51981322 0.35538567 0.88316756 0.73655923 0.05087196
 0.74000954 0.8987594  0.95857419 0.26100239 0.1027517  0.48856001
 0.83857203 0.65015176 0.9401667  0.2728415  0.87079991 0.52746862]
2020-02-06 15:16:47,071 - pyswarms.single.global_best - INFO - Optimize for 1 iters with {'c1': 0.5, 'c2': 0.3, 'w': 0.9}
2020-02-06 15:20:06,893 - pyswarms.single.global_best - INFO - Optimize for 1 iters with {'c1': 0.5, 'c2': 0.3, 'w': 0.9}
2020-02-06 15:20:08,437 - pyswarms.single.global_best - INFO - Optimization finished | best cost: 0.5, best pos: [0.32816319 0.50924752 0.52433977 0.40774855 0.95078829 0.01830857
 0.6175463  0.70061984 0.34070669 0.87388141 0.96050977 0.96602926
 0.62393122 0.88743828 0.28010145 0.82972192 0.77160472 0.56107859
 0.87273675 0.53836881 0.69085864 0.10892645 0.06281294 0.26577055
 0.32913217 0.68502539 0.84039673 0.25459921 0.67640446 0.05667245
 0.33037757 0.57614155 0.22498584 0.79536214 0.17215565 0.1387069
 0.69888823 0.46209104 0.12997162 0.11092485 0.70092992 0.63150451
 0.59813634 0.97925705 0.60973717 0.97664165 0.35361058 0.16617731
 0.3517992  0.14646988 0.94257043 0.59009328 0.49802572 0.14441242
 0.42901527 0.06940356 0.76485481 0.17707439 0.88783797 0.24344169
 0.7715031  0.15250896 0.17654062 0.55970528 0.26878496 0.72951771
 0.64743582 0.22652073 0.70776774 0.20980736 0.31947664 0.40220232
 0.52960306 0.49479701 0.70731611 0.92995691 0.24642003 0.98016528
 0.0154972  0.18220944 0.90282448 0.73375836 0.4697039  0.03221482
 0.1244857  0.1271105  0.1777857  0.95882537 0.25340963 0.9094845
 0.16681511 0.64712163 0.57595506 0.04800547 0.55169975 0.63883635
 0.20039148 0.762294   0.59620795 0.34441505 0.69023043 0.26614192
 0.41738011 0.80046925 0.79981781 0.06743485 0.21547947 0.82913775
 0.12402958 0.34019394 0.7971866  0.40003204 0.12650689 0.94586994
 0.46545328 0.65201112 0.10320469 0.42289047 0.36805355 0.71670382
 0.48420484 0.7374276  0.33376566 0.71864018 0.17840826 0.89828018
 0.82970486 0.48134921 0.38530695 0.94979866 0.57103688 0.49497379
 0.63244613 0.80671809 0.0835836  0.89768989 0.93148827 0.13283317
 0.84869163 0.96506142 0.28936804 0.95177193 0.09350584 0.40962967
 0.34510916 0.97585205 0.0806159  0.41577088 0.05604719 0.03057075
 0.4351526  0.67566654 0.78618327 0.919377   0.52642988 0.67843882
 0.86348454 0.79902213 0.03466033 0.41843307 0.05547256 0.84885301
 0.35291396 0.67682897 0.75700132 0.24070103 0.44152389 0.73274814
 0.61169555 0.526887   0.74430144 0.392557   0.06119698 0.77136359
 0.59843407 0.86023606 0.58172596 0.38777519 0.04268885 0.48829656
 0.62762711 0.69597159 0.11782501 0.45531028 0.72415021 0.80118704
 0.9591036  0.09765523 0.74615608 0.22361849 0.66249144 0.5563106
 0.77213499 0.3565978  0.44725215 0.99552512 0.58526228 0.08588667
 0.46568854 0.56240112 0.12227752 0.88337493 0.12487567 0.40157754
 0.33208238 0.06817499 0.3729719  0.90455195 0.45497738 0.64050287
 0.80842581 0.49731895 0.62303912 0.74785774 0.05549708 0.39447349
 0.09765983 0.98967179 0.25949556 0.96755347 0.01245563 0.38948856
 0.77281846 0.49780523 0.20740297 0.05954094 0.58092935 0.54037218
 0.2415193  0.08073495 0.61754419 0.73034126 0.98165783 0.86609512
 0.41941488 0.53104534 0.73157556 0.18768874 0.32589632 0.2607006 ]
2020-02-06 15:20:43,220 - pyswarms.single.global_best - INFO - Optimize for 1 iters with {'c1': 0.5, 'c2': 0.3, 'w': 0.9}
2020-02-06 15:20:44,831 - pyswarms.single.global_best - INFO - Optimization finished | best cost: 0.0, best pos: [0.29502464 0.06439024 0.72848564 0.16021351 0.6623189  0.66957488
 0.64444059 0.62494952 0.63237687 0.28245061 0.54372718 0.94493027
 0.73503777 0.60629101 0.09933143 0.42140963 0.94330282 0.2585459
 0.12838363 0.26098572 0.8938175  0.66621061 0.41060015 0.15067718
 0.52035941 0.07964455 0.54576772 0.75532378 0.27280858 0.40952284
 0.75805047 0.48239481 0.49919495 0.59251455 0.29331887 0.72649791
 0.88461446 0.66620435 0.08768884 0.54418628 0.95420003 0.37756508
 0.10785292 0.80344888 0.34705075 0.6361103  0.47406712 0.94523093
 0.44332815 0.29781134 0.9907852  0.44656051 0.17120215 0.83928237
 0.78991032 0.22690252 0.65365411 0.6686119  0.1940838  0.5722703
 0.47061857 0.02896556 0.87323197 0.05822138 0.51005149 0.73595537
 0.47664762 0.51629367 0.28103246 0.5627755  0.1118237  0.88051761
 0.70583588 0.68357087 0.70409109 0.53335958 0.41977375 0.03147358
 0.08392382 0.40389857 0.75889158 0.66515873 0.97215879 0.41269866
 0.22037507 0.18319866 0.21911566 0.57941646 0.41353983 0.69897955
 0.14829543 0.36670567 0.64685433 0.3320879  0.59036527 0.69294289
 0.19532501 0.46017367 0.9078713  0.22373663 0.63959452 0.81906133
 0.31516122 0.07801399 0.2953408  0.35111578 0.46693566 0.18752641
 0.5343673  0.61318823 0.11752777 0.86669429 0.01085441 0.16390649
 0.07755886 0.36613305 0.36275257 0.35663308 0.11982029 0.70335782
 0.51640424 0.03208132 0.87197453 0.22542146 0.84322963 0.5982892
 0.30946585 0.95546065 0.44332025 0.95278398 0.87959345 0.75650934
 0.49988803 0.10930163 0.28762119 0.12784987 0.06343465 0.22367884
 0.27260704 0.632778   0.50878839 0.3087546  0.40902158 0.649631
 0.14854571 0.93004741 0.25192228 0.20295325 0.62920902 0.50279763
 0.31034491 0.06693173 0.66931911 0.02737756 0.71835829 0.24099533
 0.23600337 0.4215108  0.24798881 0.80285799 0.40045641 0.56992274
 0.43758228 0.60497063 0.69503364 0.28244267 0.83748871 0.32445228
 0.35645205 0.58858189 0.84283027 0.17634499 0.93731708 0.61545802
 0.31872517 0.21971247 0.20876905 0.48070917 0.0904921  0.1342861
 0.63923078 0.25552648 0.70194987 0.6014217  0.47715923 0.32501911
 0.53002775 0.80633114 0.16404297 0.50047877 0.15377049 0.09843389
 0.58012808 0.47117992 0.62068676 0.85634739 0.09807815 0.30767028
 0.03673626 0.44212455 0.79136902 0.79069484 0.08411601 0.57489626
 0.58647617 0.30887581 0.33208526 0.64327215 0.20437975 0.90794925
 0.92319479 0.29781938 0.04699647 0.28020599 0.77277623 0.08235265
 0.28383796 0.43532382 0.31674825 0.9856226  0.63678117 0.28096887
 0.26827465 0.69462326 0.83755749 0.16719658 0.48641991 0.70865783
 0.76124383 0.03169961 0.23722493 0.62576755 0.66143391 0.43483755
 0.43425746 0.08097808 0.0455723  0.37407103 0.51455558 0.03234111]
2020-02-06 15:22:49,681 - pyswarms.single.global_best - INFO - Optimize for 1 iters with {'c1': 0.5, 'c2': 0.3, 'w': 0.9}
2020-02-06 15:22:51,207 - pyswarms.single.global_best - INFO - Optimization finished | best cost: 0.0, best pos: [3.08314369e-01 2.70403708e-01 9.30485634e-01 2.07521421e-01
 4.24890865e-01 3.73352202e-01 9.28686098e-01 3.12468477e-01
 2.01274256e-01 7.22998682e-01 4.77064588e-01 2.06537475e-01
 1.87609576e-01 5.79135718e-01 4.01001795e-01 6.10508821e-02
 7.89157435e-01 3.38322010e-02 2.07142262e-01 8.19748766e-01
 9.76739654e-02 8.73134500e-01 3.02839483e-01 2.46558113e-01
 6.12058433e-01 6.67476769e-01 7.38581083e-01 9.22708899e-01
 7.47587254e-01 4.52842706e-01 2.89774611e-01 1.65260928e-04
 4.22351110e-01 5.96920182e-01 6.79913235e-01 2.84447524e-01
 4.68492358e-01 1.87531125e-01 2.86748198e-01 7.71387832e-01
 8.16781143e-01 8.04415389e-01 1.09003160e-01 2.70646984e-01
 2.45368754e-01 5.20933159e-01 8.40227515e-01 5.50568773e-01
 2.38482883e-01 4.21148112e-01 8.70870508e-01 7.48368145e-01
 7.61132881e-01 6.64572476e-01 5.39015704e-01 5.98687557e-01
 3.23192813e-01 9.27980171e-01 4.95057465e-01 4.01173974e-01
 9.07052145e-01 4.37701760e-01 8.42028244e-01 8.10476784e-01
 5.67564774e-01 1.32981508e-01 9.06049246e-01 8.96403615e-01
 3.90016915e-01 9.66010001e-01 6.78542503e-01 1.27372386e-02
 9.90362483e-01 7.27506590e-01 1.59867360e-02 5.53273226e-01
 8.67775882e-01 1.12051328e-01 4.79694094e-01 1.63474084e-01
 2.49088273e-01 4.31192010e-01 7.41890361e-01 8.85311829e-01
 3.09458105e-01 1.11224343e-01 7.03284952e-01 6.69650208e-01
 7.05175910e-01 2.34637317e-01 5.82241933e-01 7.63078722e-01
 6.18315674e-01 6.65212383e-01 8.56027481e-01 3.87594418e-01
 1.22554025e-01 5.36901220e-02 9.58829680e-01 2.75331882e-01
 3.58752224e-01 2.38821315e-01 8.66145468e-01 4.89504793e-01
 1.46500032e-01 4.53770557e-01 3.54627540e-01 8.01846367e-01
 8.69554825e-01 9.33143592e-01 4.69099167e-01 6.20697227e-01
 8.10935683e-01 2.46382662e-02 8.45453804e-01 5.85813002e-01
 6.85850259e-01 8.41217627e-01 8.37315056e-01 1.94277779e-01
 2.60632060e-02 9.29369408e-01 7.27210929e-01 8.30704053e-01
 6.77717341e-01 7.27576390e-01 8.93468846e-02 8.62434116e-01
 3.46789694e-02 3.43285077e-01 3.73606162e-01 4.25486262e-01
 6.73161724e-01 4.07943351e-01 4.46622179e-01 4.31109614e-01
 9.30271262e-01 4.76212174e-02 4.00675843e-01 2.66318219e-01
 7.51366336e-01 2.44803306e-01 6.15297355e-01 8.15649960e-01
 5.71334301e-01 3.19811243e-01 9.44414542e-01 8.68111181e-02
 7.10917222e-01 5.75236932e-01 1.33690664e-01 6.29602370e-01
 4.94698525e-01 2.57675759e-01 3.83368960e-02 1.66493414e-01
 9.37782458e-01 3.31018062e-01 9.47734627e-01 2.27549718e-01
 2.67260411e-01 9.65894882e-01 2.53197228e-01 2.76086810e-01
 8.11895735e-01 2.51639732e-01 7.39621657e-01 1.10717620e-01
 4.56972088e-01 9.94304259e-01 4.72128907e-01 2.71793724e-01
 2.01844200e-01 8.47297116e-01 4.00671237e-01 7.66294307e-02
 8.03961718e-01 9.63945146e-01 2.78152141e-01 9.46621379e-01
 7.44315816e-01 8.01603034e-01 1.92298379e-01 7.18371386e-01
 7.11465494e-01 8.12861683e-01 7.06873797e-01 4.00581826e-02
 5.34736417e-01 4.77256592e-01 8.68558059e-01 5.47766535e-01
 3.79391851e-01 1.95268578e-01 4.13702356e-01 4.75034828e-01
 4.98211016e-01 7.16225750e-01 5.55783987e-01 3.28707437e-02
 1.12134203e-01 3.48292963e-01 7.42446229e-01 2.45532339e-01
 8.46463071e-01 5.70998949e-01 6.96012283e-01 3.79206141e-01
 7.99514051e-01 2.76834150e-01 7.06164159e-01 3.84382945e-02
 8.05630439e-01 1.23656850e-01 1.21640101e-01 8.35950303e-01
 8.49673865e-01 7.40506658e-02 1.74491784e-01 1.72625502e-01
 5.51210804e-01 4.32097556e-02 1.78053763e-01 4.26845149e-01
 3.43008041e-01 7.83862605e-02 3.53496888e-01 9.09317353e-01
 9.04408917e-01 9.93886664e-01 4.72877771e-01 5.85478752e-01
 9.81296887e-01 2.73960058e-01 6.35190090e-01 7.94312965e-01
 7.91077200e-01 3.83850231e-01 7.93838279e-01 4.79154948e-01]
2020-02-06 15:25:23,274 - pyswarms.single.global_best - INFO - Optimize for 1 iters with {'c1': 0.5, 'c2': 0.3, 'w': 0.9}
2020-02-06 15:25:24,750 - pyswarms.single.global_best - INFO - Optimization finished | best cost: 0.0, best pos: [0.35564861 0.51448196 0.87148084 0.39561219 0.69250659 0.89337937
 0.5842866  0.75054505 0.67310358 0.11219583 0.41650335 0.56350542
 0.38444045 0.46212581 0.9170997  0.34638741 0.86489858 0.85226768
 0.87271159 0.21740422 0.03528242 0.91655225 0.73539718 0.87908271
 0.21967218 0.47103784 0.12252056 0.23986924 0.25963003 0.86236605
 0.58096126 0.5694358  0.96895214 0.49864432 0.99878381 0.02104357
 0.83926303 0.29214505 0.05669494 0.09870357 0.98054826 0.07509634
 0.83940653 0.94887335 0.29337569 0.19605295 0.17863667 0.85299949]
2020-02-06 15:26:02,690 - pyswarms.single.global_best - INFO - Optimize for 1 iters with {'c1': 0.5, 'c2': 0.3, 'w': 0.9}
2020-02-06 15:28:02,198 - pyswarms.single.global_best - INFO - Optimize for 1 iters with {'c1': 0.5, 'c2': 0.3, 'w': 0.9}
2020-02-06 15:29:30,641 - pyswarms.single.global_best - INFO - Optimize for 1 iters with {'c1': 0.5, 'c2': 0.3, 'w': 0.9}
2020-02-06 15:39:26,671 - pyswarms.single.global_best - INFO - Optimize for 1 iters with {'c1': 0.5, 'c2': 0.3, 'w': 0.9}
2020-02-06 15:40:10,174 - pyswarms.single.global_best - INFO - Optimize for 1 iters with {'c1': 0.5, 'c2': 0.3, 'w': 0.9}
2020-02-06 15:48:15,810 - pyswarms.single.global_best - INFO - Optimize for 1 iters with {'c1': 0.5, 'c2': 0.3, 'w': 0.9}
2020-02-06 16:27:47,060 - pyswarms.single.global_best - INFO - Optimize for 1 iters with {'c1': 0.5, 'c2': 0.3, 'w': 0.9}
2020-02-06 16:27:52,034 - pyswarms.single.global_best - INFO - Optimization finished | best cost: 0.19999999999999996, best pos: [0.40270563 0.89309519 0.74811343 ... 0.68858124 0.00541554 0.63786377]
2020-02-06 16:29:21,631 - pyswarms.single.global_best - INFO - Optimize for 1 iters with {'c1': 0.5, 'c2': 0.3, 'w': 0.9}
2020-02-06 16:31:22,889 - pyswarms.single.global_best - INFO - Optimize for 1 iters with {'c1': 0.5, 'c2': 0.3, 'w': 0.9}
2020-02-06 16:31:26,273 - pyswarms.single.global_best - INFO - Optimization finished | best cost: 0.6333333333333333, best pos: [0.49398834 0.82881622 0.51457052 ... 0.45548047 0.39967284 0.24329219]
2020-02-06 16:32:13,717 - pyswarms.single.global_best - INFO - Optimize for 1 iters with {'c1': 0.5, 'c2': 0.3, 'w': 0.9}
2020-02-06 16:32:30,712 - pyswarms.single.global_best - INFO - Optimization finished | best cost: 0.09999999999999998, best pos: [0.45439431 0.51589621 0.25222778 ... 0.91616142 0.60546822 0.81166143]
2020-02-06 16:33:02,169 - pyswarms.single.global_best - INFO - Optimize for 1 iters with {'c1': 0.5, 'c2': 0.3, 'w': 0.9}
2020-02-06 16:33:05,915 - pyswarms.single.global_best - INFO - Optimization finished | best cost: 0.19999999999999996, best pos: [0.85454973 0.01455305 0.69633756 ... 0.36390577 0.01037098 0.19027173]
2020-02-06 16:34:13,176 - pyswarms.single.global_best - INFO - Optimize for 1 iters with {'c1': 0.5, 'c2': 0.3, 'w': 0.9}
2020-02-06 16:35:18,409 - pyswarms.single.global_best - INFO - Optimize for 1 iters with {'c1': 0.5, 'c2': 0.3, 'w': 0.9}
2020-02-06 16:35:25,692 - pyswarms.single.global_best - INFO - Optimization finished | best cost: 0.033333333333333326, best pos: [0.83706174 0.31461855 0.81568515 ... 0.79032565 0.03727726 0.83301113]
2020-02-06 16:36:17,410 - pyswarms.single.global_best - INFO - Optimize for 1 iters with {'c1': 0.5, 'c2': 0.3, 'w': 0.9}
2020-02-06 16:37:17,111 - pyswarms.single.global_best - INFO - Optimize for 1 iters with {'c1': 0.5, 'c2': 0.3, 'w': 0.9}
2020-02-06 16:37:23,408 - pyswarms.single.global_best - INFO - Optimization finished | best cost: 0.033333333333333326, best pos: [0.32550509 0.7329792  0.04587597 ... 0.40324674 0.42312471 0.46228189]
2020-02-06 16:45:35,548 - pyswarms.single.global_best - INFO - Optimize for 1 iters with {'c1': 0.5, 'c2': 0.3, 'w': 0.9}
2020-02-06 16:45:39,001 - pyswarms.single.global_best - INFO - Optimization finished | best cost: 0.1333333333333333, best pos: [0.55647541 0.53933185 0.51595204 ... 0.28592555 0.74094163 0.98769665]
2020-02-06 16:45:52,301 - pyswarms.single.global_best - INFO - Optimize for 1 iters with {'c1': 0.5, 'c2': 0.3, 'w': 0.9}
2020-02-06 16:46:34,280 - pyswarms.single.global_best - INFO - Optimize for 1 iters with {'c1': 0.5, 'c2': 0.3, 'w': 0.9}
2020-02-06 16:47:19,884 - pyswarms.single.global_best - INFO - Optimize for 1 iters with {'c1': 0.5, 'c2': 0.3, 'w': 0.9}
2020-02-06 16:47:24,802 - pyswarms.single.global_best - INFO - Optimization finished | best cost: 0.1333333333333333, best pos: [0.57393646 0.33058544 0.22480087 ... 0.72203186 0.42066578 0.43664281]
2020-02-06 16:48:56,668 - pyswarms.single.global_best - INFO - Optimize for 1 iters with {'c1': 0.5, 'c2': 0.3, 'w': 0.9}
2020-02-06 16:49:07,457 - pyswarms.single.global_best - INFO - Optimization finished | best cost: 0.0, best pos: [0.80217202 0.42223869 0.2445455  ... 0.48365287 0.95802392 0.35041652]
2020-02-06 16:49:25,681 - pyswarms.single.global_best - INFO - Optimize for 1 iters with {'c1': 0.5, 'c2': 0.3, 'w': 0.9}
2020-02-06 16:49:38,759 - pyswarms.single.global_best - INFO - Optimization finished | best cost: 0.033333333333333326, best pos: [0.85568696 0.83859227 0.78347059 ... 0.94947488 0.17689877 0.60561547]
2020-02-06 16:49:51,387 - pyswarms.single.global_best - INFO - Optimize for 1 iters with {'c1': 0.5, 'c2': 0.3, 'w': 0.9}
2020-02-06 16:50:04,969 - pyswarms.single.global_best - INFO - Optimization finished | best cost: 0.09999999999999998, best pos: [0.79214105 0.4630525  0.42589546 ... 0.69645748 0.06941351 0.92887133]
2020-02-06 16:50:26,034 - pyswarms.single.global_best - INFO - Optimize for 1 iters with {'c1': 0.5, 'c2': 0.3, 'w': 0.9}
